<?xml version="1.0" encoding="utf-8"?><testsuites name="pytest tests"><testsuite name="pytest" errors="0" failures="2" skipped="0" tests="60" time="72.888" timestamp="2026-05-24T16:20:26.759695+00:00" hostname="agent-env-6b804836-3ad5-4db6-9049-1bd04de0bb98"><testcase classname="backend.tests.test_commercials.TestLeadStatusIsWon" name="test_won_status_has_is_won_true" time="0.470" /><testcase classname="backend.tests.test_commercials.TestLeadStatusIsWon" name="test_create_status_with_is_won" time="0.271" /><testcase classname="backend.tests.test_commercials.TestLeadStatusIsWonOnLead" name="test_lead_get_returns_status_is_won_field" time="0.440" /><testcase classname="backend.tests.test_commercials.TestCommercialsCreate" name="test_create_one_time_commercial" time="0.115" /><testcase classname="backend.tests.test_commercials.TestCommercialsCreate" name="test_create_duplicate_for_same_lead_rejected" time="0.105" /><testcase classname="backend.tests.test_commercials.TestCommercialsCreate" name="test_create_recurring_commercial" time="0.331" /><testcase classname="backend.tests.test_commercials.TestCommercialsCreate" name="test_non_admin_cannot_create" time="0.775" /><testcase classname="backend.tests.test_commercials.TestCommercialsRead" name="test_list" time="0.108" /><testcase classname="backend.tests.test_commercials.TestCommercialsRead" name="test_list_filter_type" time="0.111" /><testcase classname="backend.tests.test_commercials.TestCommercialsRead" name="test_dashboard" time="0.120" /><testcase classname="backend.tests.test_commercials.TestCommercialsRead" name="test_get_by_id" time="0.107" /><testcase classname="backend.tests.test_commercials.TestCommercialsRead" name="test_get_by_lead" time="0.112" /><testcase classname="backend.tests.test_commercials.TestCommercialsRead" name="test_sales_associate_forbidden" time="0.452" /><testcase classname="backend.tests.test_commercials.TestPatchCommercial" name="test_patch_recurring_regenerates_schedule" time="0.121" /><testcase classname="backend.tests.test_commercials.TestPatchCommercial" name="test_patch_back_to_quarterly" time="0.105" /><testcase classname="backend.tests.test_commercials.TestMilestones" name="test_put_invalid_amount_totals" time="0.120" /><testcase classname="backend.tests.test_commercials.TestMilestones" name="test_put_invalid_percentage_totals" time="0.125" /><testcase classname="backend.tests.test_commercials.TestMilestones" name="test_put_valid_milestones" time="0.119" /><testcase classname="backend.tests.test_commercials.TestMilestones" name="test_patch_milestone_status" time="0.242" /><testcase classname="backend.tests.test_commercials.TestRegenerateBilling" name="test_regenerate_recurring" time="0.115" /><testcase classname="backend.tests.test_commercials.TestRegenerateBilling" name="test_regenerate_one_time_rejected" time="0.109" /><testcase classname="backend.tests.test_commercials.TestInvoicesAndPayments" name="test_raise_invoice_for_milestone" time="0.214" /><testcase classname="backend.tests.test_commercials.TestInvoicesAndPayments" name="test_raise_invoice_for_billing_schedule" time="0.248" /><testcase classname="backend.tests.test_commercials.TestInvoicesAndPayments" name="test_full_payment_marks_invoice_paid_and_milestone_payment_received" time="40.178"><failure message="requests.exceptions.ConnectTimeout: HTTPSConnectionPool(host='vyapaar-preview-1.preview.emergentagent.com', port=443): Max retries exceeded with url: /api/commercials/517a5650-ad8d-4dea-8e8f-73b2c572a6c7/invoices (Caused by ConnectTimeoutError(&lt;HTTPSConnection(host='vyapaar-preview-1.preview.emergentagent.com', port=443) at 0xfc169ffc9890&gt;, 'Connection to vyapaar-preview-1.preview.emergentagent.com timed out. (connect timeout=20)'))">E   TimeoutError: timed out

The above exception was the direct cause of the following exception:
E   urllib3.exceptions.ConnectTimeoutError: (&lt;HTTPSConnection(host='vyapaar-preview-1.preview.emergentagent.com', port=443) at 0xfc169ffc9890&gt;, 'Connection to vyapaar-preview-1.preview.emergentagent.com timed out. (connect timeout=20)')

The above exception was the direct cause of the following exception:
E   urllib3.exceptions.MaxRetryError: HTTPSConnectionPool(host='vyapaar-preview-1.preview.emergentagent.com', port=443): Max retries exceeded with url: /api/commercials/517a5650-ad8d-4dea-8e8f-73b2c572a6c7/invoices (Caused by ConnectTimeoutError(&lt;HTTPSConnection(host='vyapaar-preview-1.preview.emergentagent.com', port=443) at 0xfc169ffc9890&gt;, 'Connection to vyapaar-preview-1.preview.emergentagent.com timed out. (connect timeout=20)'))

During handling of the above exception, another exception occurred:
E   requests.exceptions.ConnectTimeout: HTTPSConnectionPool(host='vyapaar-preview-1.preview.emergentagent.com', port=443): Max retries exceeded with url: /api/commercials/517a5650-ad8d-4dea-8e8f-73b2c572a6c7/invoices (Caused by ConnectTimeoutError(&lt;HTTPSConnection(host='vyapaar-preview-1.preview.emergentagent.com', port=443) at 0xfc169ffc9890&gt;, 'Connection to vyapaar-preview-1.preview.emergentagent.com timed out. (connect timeout=20)'))</failure></testcase><testcase classname="backend.tests.test_commercials.TestInvoicesAndPayments" name="test_get_payments" time="7.374" /><testcase classname="backend.tests.test_commercials.TestActivityAndDocuments" name="test_activity_log" time="0.130" /><testcase classname="backend.tests.test_commercials.TestActivityAndDocuments" name="test_documents_empty_list" time="0.105" /><testcase classname="backend.tests.test_commercials.TestSellingPartnerRBAC" name="test_selling_partner_cannot_create" time="0.947" /><testcase classname="backend.tests.test_commercials.TestSellingPartnerRBAC" name="test_selling_partner_cannot_modify" time="0.107" /><testcase classname="backend.tests.test_commercials_phase2.TestUserFlags" name="test_create_user_with_finance_flag_persists" time="2.385" /><testcase classname="backend.tests.test_commercials_phase2.TestAnalyticsEndpoint" name="test_analytics_returns_series[6]" time="0.104" /><testcase classname="backend.tests.test_commercials_phase2.TestAnalyticsEndpoint" name="test_analytics_returns_series[12]" time="0.113" /><testcase classname="backend.tests.test_commercials_phase2.TestAnalyticsEndpoint" name="test_analytics_returns_series[24]" time="0.120" /><testcase classname="backend.tests.test_commercials_phase2.TestAnalyticsEndpoint" name="test_analytics_route_not_caught_by_id_route" time="0.104" /><testcase classname="backend.tests.test_commercials_phase2.TestAnalyticsEndpoint" name="test_analytics_403_for_customer" time="0.452" /><testcase classname="backend.tests.test_commercials_phase2.TestAnalyticsEndpoint" name="test_analytics_403_for_selling_partner" time="5.939" /><testcase classname="backend.tests.test_commercials_phase2.TestAnalyticsEndpoint" name="test_analytics_200_for_finance_user" time="1.326" /><testcase classname="backend.tests.test_commercials_phase2.TestAnalyticsEndpoint" name="test_analytics_200_for_delivery_user" time="0.761" /><testcase classname="backend.tests.test_commercials_phase2.TestCustomerRBAC" name="test_customer_blocked_on_list" time="0.112" /><testcase classname="backend.tests.test_commercials_phase2.TestCustomerRBAC" name="test_customer_blocked_on_dashboard" time="0.112" /><testcase classname="backend.tests.test_commercials_phase2.TestCustomerRBAC" name="test_customer_blocked_on_analytics" time="0.124" /><testcase classname="backend.tests.test_commercials_phase2.TestCustomerRBAC" name="test_customer_blocked_on_run_renewal_scan" time="0.107" /><testcase classname="backend.tests.test_commercials_phase2.TestSellingPartnerRBAC" name="test_sp_can_list" time="0.123" /><testcase classname="backend.tests.test_commercials_phase2.TestSellingPartnerRBAC" name="test_sp_403_on_analytics" time="0.118" /><testcase classname="backend.tests.test_commercials_phase2.TestSellingPartnerRBAC" name="test_sp_403_on_run_renewal_scan" time="0.117" /><testcase classname="backend.tests.test_commercials_phase2.TestFinanceAndDeliveryWrite" name="test_finance_user_can_access_dashboard" time="0.107" /><testcase classname="backend.tests.test_commercials_phase2.TestFinanceAndDeliveryWrite" name="test_finance_user_can_run_renewal_scan" time="0.116" /><testcase classname="backend.tests.test_commercials_phase2.TestFinanceAndDeliveryWrite" name="test_finance_user_can_create_commercial" time="0.454" /><testcase classname="backend.tests.test_commercials_phase2.TestFinanceAndDeliveryWrite" name="test_delivery_user_can_access_dashboard_and_analytics" time="0.207" /><testcase classname="backend.tests.test_commercials_phase2.TestRenewalScan" name="test_renewal_scan_creates_then_idempotent" time="1.153" /><testcase classname="backend.tests.test_commercials_phase25.TestReminderScanBasics" name="test_scan_returns_expected_shape_for_admin" time="0.468" /><testcase classname="backend.tests.test_commercials_phase25.TestReminderScanBasics" name="test_scan_blocks_customer" time="0.442" /><testcase classname="backend.tests.test_commercials_phase25.TestReminderScanBasics" name="test_route_ordering_not_eaten_by_dynamic" time="0.131" /><testcase classname="backend.tests.test_commercials_phase25.TestMilestoneDueScenario" name="test_milestone_due_emits_notification" time="1.050" /><testcase classname="backend.tests.test_commercials_phase25.TestMilestoneDueScenario" name="test_milestone_due_idempotent_second_scan" time="0.115" /><testcase classname="backend.tests.test_commercials_phase25.TestInvoiceOverdueScenario" name="test_invoice_overdue_emits_notification" time="0.569" /><testcase classname="backend.tests.test_commercials_phase25.TestRenewalWindowScenario" name="test_renewal_window_emits_notification" time="0.462" /><testcase classname="backend.tests.test_commercials_phase25.TestNotificationSchema" name="test_get_notifications_returns_commercial_id_field" time="0.101" /><testcase classname="backend.tests.test_commercials_phase25.TestNotificationSchema" name="test_all_four_new_notification_types_appear" time="0.106" /><testcase classname="backend.tests.test_commercials_phase25.TestRegressionExistingNotifications" name="test_creating_lead_still_fires_new_lead_notification" time="1.321"><failure message="AssertionError: new_lead notification did not fire after lead create (before=34, after=34); NotificationType extension may have broken existing flows&#10;assert 34 &gt;= (34 + 1)">E   AssertionError: new_lead notification did not fire after lead create (before=34, after=34); NotificationType extension may have broken existing flows
    assert 34 &gt;= (34 + 1)</failure></testcase></testsuite></testsuites>