<?xml version="1.0" encoding="utf-8"?><testsuites name="pytest tests"><testsuite name="pytest" errors="0" failures="1" skipped="0" tests="29" time="6.422" timestamp="2026-05-24T09:15:12.104260+00:00" hostname="agent-env-6b804836-3ad5-4db6-9049-1bd04de0bb98"><testcase classname="backend.tests.test_commercials.TestLeadStatusIsWon" name="test_won_status_has_is_won_true" time="0.556" /><testcase classname="backend.tests.test_commercials.TestLeadStatusIsWon" name="test_create_status_with_is_won" time="0.208" /><testcase classname="backend.tests.test_commercials.TestLeadStatusIsWonOnLead" name="test_lead_get_returns_status_is_won_field" time="0.459" /><testcase classname="backend.tests.test_commercials.TestCommercialsCreate" name="test_create_one_time_commercial" time="0.102" /><testcase classname="backend.tests.test_commercials.TestCommercialsCreate" name="test_create_duplicate_for_same_lead_rejected" time="0.105" /><testcase classname="backend.tests.test_commercials.TestCommercialsCreate" name="test_create_recurring_commercial" time="0.311" /><testcase classname="backend.tests.test_commercials.TestCommercialsCreate" name="test_non_admin_cannot_create" time="0.778" /><testcase classname="backend.tests.test_commercials.TestCommercialsRead" name="test_list" time="0.147" /><testcase classname="backend.tests.test_commercials.TestCommercialsRead" name="test_list_filter_type" time="0.104" /><testcase classname="backend.tests.test_commercials.TestCommercialsRead" name="test_dashboard" time="0.103" /><testcase classname="backend.tests.test_commercials.TestCommercialsRead" name="test_get_by_id" time="0.164" /><testcase classname="backend.tests.test_commercials.TestCommercialsRead" name="test_get_by_lead" time="0.114" /><testcase classname="backend.tests.test_commercials.TestCommercialsRead" name="test_sales_associate_forbidden" time="0.102"><failure message="AssertionError: /commercials expected 403, got 200&#10;assert 200 == 403&#10; +  where 200 = &lt;Response [200]&gt;.status_code">backend/tests/test_commercials.py:275: in test_sales_associate_forbidden
    assert r.status_code == 403, f"{path} expected 403, got {r.status_code}"
E   AssertionError: /commercials expected 403, got 200
E   assert 200 == 403
E    +  where 200 = &lt;Response [200]&gt;.status_code</failure></testcase><testcase classname="backend.tests.test_commercials.TestPatchCommercial" name="test_patch_recurring_regenerates_schedule" time="0.107" /><testcase classname="backend.tests.test_commercials.TestPatchCommercial" name="test_patch_back_to_quarterly" time="0.111" /><testcase classname="backend.tests.test_commercials.TestMilestones" name="test_put_invalid_amount_totals" time="0.100" /><testcase classname="backend.tests.test_commercials.TestMilestones" name="test_put_invalid_percentage_totals" time="0.110" /><testcase classname="backend.tests.test_commercials.TestMilestones" name="test_put_valid_milestones" time="0.103" /><testcase classname="backend.tests.test_commercials.TestMilestones" name="test_patch_milestone_status" time="0.210" /><testcase classname="backend.tests.test_commercials.TestRegenerateBilling" name="test_regenerate_recurring" time="0.120" /><testcase classname="backend.tests.test_commercials.TestRegenerateBilling" name="test_regenerate_one_time_rejected" time="0.101" /><testcase classname="backend.tests.test_commercials.TestInvoicesAndPayments" name="test_raise_invoice_for_milestone" time="0.220" /><testcase classname="backend.tests.test_commercials.TestInvoicesAndPayments" name="test_raise_invoice_for_billing_schedule" time="0.223" /><testcase classname="backend.tests.test_commercials.TestInvoicesAndPayments" name="test_full_payment_marks_invoice_paid_and_milestone_payment_received" time="0.345" /><testcase classname="backend.tests.test_commercials.TestInvoicesAndPayments" name="test_get_payments" time="0.130" /><testcase classname="backend.tests.test_commercials.TestActivityAndDocuments" name="test_activity_log" time="0.098" /><testcase classname="backend.tests.test_commercials.TestActivityAndDocuments" name="test_documents_empty_list" time="0.103" /><testcase classname="backend.tests.test_commercials.TestSellingPartnerRBAC" name="test_selling_partner_cannot_create" time="0.870" /><testcase classname="backend.tests.test_commercials.TestSellingPartnerRBAC" name="test_selling_partner_cannot_modify" time="0.104" /></testsuite></testsuites>