<?xml version="1.0" encoding="utf-8"?><testsuites name="pytest tests"><testsuite name="pytest" errors="0" failures="0" skipped="1" tests="11" time="4.533" timestamp="2026-06-06T16:30:19.124801+00:00" hostname="agent-env-6b804836-3ad5-4db6-9049-1bd04de0bb98"><testcase classname="backend.tests.test_phase34_7_3_system_settings_and_views.TestSystemSettings" name="test_get_default_true_when_no_row" time="0.593" /><testcase classname="backend.tests.test_phase34_7_3_system_settings_and_views.TestSystemSettings" name="test_put_false_as_admin_then_get" time="0.268" /><testcase classname="backend.tests.test_phase34_7_3_system_settings_and_views.TestSystemSettings" name="test_put_true_as_admin_then_get" time="0.220" /><testcase classname="backend.tests.test_phase34_7_3_system_settings_and_views.TestSystemSettings" name="test_put_as_customer_returns_403" time="0.460" /><testcase classname="backend.tests.test_phase34_7_3_system_settings_and_views.TestSystemSettings" name="test_put_unknown_key_returns_400" time="0.119" /><testcase classname="backend.tests.test_phase34_7_3_system_settings_and_views.TestKillSwitchEmailEffect" name="test_kill_switch_blocks_customer_email" time="0.361"><skipped type="pytest.skip" message="No /api/email-logs admin endpoint exposed — cannot directly verify email_logs row count via API.">/app/backend/tests/test_phase34_7_3_system_settings_and_views.py:133: No /api/email-logs admin endpoint exposed — cannot directly verify email_logs row count via API.</skipped></testcase><testcase classname="backend.tests.test_phase34_7_3_system_settings_and_views.TestLeadViewsCRUD" name="test_create_list_patch_delete" time="0.781" /><testcase classname="backend.tests.test_phase34_7_3_system_settings_and_views.TestLeadViewsCRUD" name="test_default_uniqueness" time="0.654" /><testcase classname="backend.tests.test_phase34_7_3_system_settings_and_views.TestLeadViewsCRUD" name="test_isolation_per_user" time="0.462" /><testcase classname="backend.tests.test_phase34_7_3_system_settings_and_views.TestLeadViewsCRUD" name="test_name_validation_empty" time="0.241" /><testcase classname="backend.tests.test_phase34_7_3_system_settings_and_views.TestLeadViewsCRUD" name="test_name_validation_too_long" time="0.323" /></testsuite></testsuites>