<?xml version="1.0" encoding="utf-8"?><testsuites name="pytest tests"><testsuite name="pytest" errors="0" failures="0" skipped="1" tests="15" time="3.205" timestamp="2026-06-01T20:07:44.768376+00:00" hostname="agent-env-6b804836-3ad5-4db6-9049-1bd04de0bb98"><testcase classname="backend.tests.test_phase31_deal_room_refactor.TestDealRoomToggleAndGet" name="test_toggle_on" time="1.019" /><testcase classname="backend.tests.test_phase31_deal_room_refactor.TestDealRoomToggleAndGet" name="test_get_deal_room" time="0.119" /><testcase classname="backend.tests.test_phase31_deal_room_refactor.TestDealRoomToggleAndGet" name="test_post_message" time="0.149" /><testcase classname="backend.tests.test_phase31_deal_room_refactor.TestApprovals" name="test_list_approvals" time="0.118" /><testcase classname="backend.tests.test_phase31_deal_room_refactor.TestApprovals" name="test_respond_approval" time="0.345" /><testcase classname="backend.tests.test_phase31_deal_room_refactor.TestInvites" name="test_create_invite" time="0.150" /><testcase classname="backend.tests.test_phase31_deal_room_refactor.TestInvites" name="test_list_invites" time="0.108" /><testcase classname="backend.tests.test_phase31_deal_room_refactor.TestInvites" name="test_revoke_invite" time="0.150"><skipped type="pytest.skip" message="No TEST_phase31 invite found for revoke">/app/backend/tests/test_phase31_deal_room_refactor.py:180: No TEST_phase31 invite found for revoke</skipped></testcase><testcase classname="backend.tests.test_phase31_deal_room_refactor.TestGuestPublic" name="test_invalid_magic_link_returns_403" time="0.102" /><testcase classname="backend.tests.test_phase31_deal_room_refactor.TestGuestPublic" name="test_invalid_token_post_message_403" time="0.115" /><testcase classname="backend.tests.test_phase31_deal_room_refactor.TestGuestPublic" name="test_invalid_token_respond_approval_403" time="0.132" /><testcase classname="backend.tests.test_phase31_deal_room_refactor.TestPhase30Regression" name="test_notifications_types" time="0.162" /><testcase classname="backend.tests.test_phase31_deal_room_refactor.TestPhase30Regression" name="test_users_assignable" time="0.115" /><testcase classname="backend.tests.test_phase31_deal_room_refactor.TestPhase30Regression" name="test_war_room_board_open_leads" time="0.121" /><testcase classname="backend.tests.test_phase31_deal_room_refactor.TestPhase30Regression" name="test_followup_with_assignee_and_reminder" time="0.247" /></testsuite></testsuites>