<?xml version="1.0" encoding="utf-8"?><testsuites name="pytest tests"><testsuite name="pytest" errors="0" failures="0" skipped="0" tests="21" time="8.392" timestamp="2026-05-24T12:59:58.775551+00:00" hostname="agent-env-6b804836-3ad5-4db6-9049-1bd04de0bb98"><testcase classname="backend.tests.test_commercials_phase2.TestUserFlags" name="test_create_user_with_finance_flag_persists" time="1.383" /><testcase classname="backend.tests.test_commercials_phase2.TestAnalyticsEndpoint" name="test_analytics_returns_series[6]" time="0.105" /><testcase classname="backend.tests.test_commercials_phase2.TestAnalyticsEndpoint" name="test_analytics_returns_series[12]" time="0.122" /><testcase classname="backend.tests.test_commercials_phase2.TestAnalyticsEndpoint" name="test_analytics_returns_series[24]" time="0.108" /><testcase classname="backend.tests.test_commercials_phase2.TestAnalyticsEndpoint" name="test_analytics_route_not_caught_by_id_route" time="0.105" /><testcase classname="backend.tests.test_commercials_phase2.TestAnalyticsEndpoint" name="test_analytics_403_for_customer" time="0.452" /><testcase classname="backend.tests.test_commercials_phase2.TestAnalyticsEndpoint" name="test_analytics_403_for_selling_partner" time="0.773" /><testcase classname="backend.tests.test_commercials_phase2.TestAnalyticsEndpoint" name="test_analytics_200_for_finance_user" time="0.798" /><testcase classname="backend.tests.test_commercials_phase2.TestAnalyticsEndpoint" name="test_analytics_200_for_delivery_user" time="0.794" /><testcase classname="backend.tests.test_commercials_phase2.TestCustomerRBAC" name="test_customer_blocked_on_list" time="0.102" /><testcase classname="backend.tests.test_commercials_phase2.TestCustomerRBAC" name="test_customer_blocked_on_dashboard" time="0.127" /><testcase classname="backend.tests.test_commercials_phase2.TestCustomerRBAC" name="test_customer_blocked_on_analytics" time="0.105" /><testcase classname="backend.tests.test_commercials_phase2.TestCustomerRBAC" name="test_customer_blocked_on_run_renewal_scan" time="0.105" /><testcase classname="backend.tests.test_commercials_phase2.TestSellingPartnerRBAC" name="test_sp_can_list" time="1.055" /><testcase classname="backend.tests.test_commercials_phase2.TestSellingPartnerRBAC" name="test_sp_403_on_analytics" time="0.103" /><testcase classname="backend.tests.test_commercials_phase2.TestSellingPartnerRBAC" name="test_sp_403_on_run_renewal_scan" time="0.104" /><testcase classname="backend.tests.test_commercials_phase2.TestFinanceAndDeliveryWrite" name="test_finance_user_can_access_dashboard" time="0.112" /><testcase classname="backend.tests.test_commercials_phase2.TestFinanceAndDeliveryWrite" name="test_finance_user_can_run_renewal_scan" time="0.135" /><testcase classname="backend.tests.test_commercials_phase2.TestFinanceAndDeliveryWrite" name="test_finance_user_can_create_commercial" time="0.494" /><testcase classname="backend.tests.test_commercials_phase2.TestFinanceAndDeliveryWrite" name="test_delivery_user_can_access_dashboard_and_analytics" time="0.223" /><testcase classname="backend.tests.test_commercials_phase2.TestRenewalScan" name="test_renewal_scan_creates_then_idempotent" time="1.029" /></testsuite></testsuites>