<?xml version="1.0" encoding="utf-8"?><testsuites name="pytest tests"><testsuite name="pytest" errors="0" failures="0" skipped="0" tests="3" time="1.037" timestamp="2026-05-25T13:59:04.330503+00:00" hostname="agent-env-6b804836-3ad5-4db6-9049-1bd04de0bb98"><testcase classname="backend.tests.test_phase27_iter16_retest" name="test_fix1_lead_get_includes_deal_room_fields_admin" time="0.521" /><testcase classname="backend.tests.test_phase27_iter16_retest" name="test_fix2_customer_email_match_redacts_internal_fields" time="0.374" /><testcase classname="backend.tests.test_phase27_iter16_retest" name="test_regression_admin_gets_full_lead" time="0.083" /></testsuite></testsuites>