<?xml version="1.0" encoding="utf-8"?><testsuites name="pytest tests"><testsuite name="pytest" errors="0" failures="1" skipped="0" tests="28" time="7.158" timestamp="2026-05-25T05:27:11.211894+00:00" hostname="agent-env-6b804836-3ad5-4db6-9049-1bd04de0bb98"><testcase classname="backend.tests.test_phase18_roles.TestLoginRegression" name="test_admin_login" time="0.435" /><testcase classname="backend.tests.test_phase18_roles.TestLoginRegression" name="test_customer_login" time="0.336" /><testcase classname="backend.tests.test_phase18_roles.TestLoginRegression" name="test_ops_login" time="0.388" /><testcase classname="backend.tests.test_phase18_roles.TestLoginRegression" name="test_finance_login" time="0.319" /><testcase classname="backend.tests.test_phase18_roles.TestAuthMeFlags" name="test_ops_me_flags" time="0.447" /><testcase classname="backend.tests.test_phase18_roles.TestAuthMeFlags" name="test_finance_me_flags" time="0.433" /><testcase classname="backend.tests.test_phase18_roles.TestUserCreationWithNewRoles" name="test_create_vyapaar_ops_user" time="0.756" /><testcase classname="backend.tests.test_phase18_roles.TestUserCreationWithNewRoles" name="test_create_vyapaar_finance_user" time="0.448" /><testcase classname="backend.tests.test_phase18_roles.TestUserCreationWithNewRoles" name="test_invalid_role_rejected" time="0.105" /><testcase classname="backend.tests.test_phase18_roles.TestReadAccess" name="test_ops_can_read[/companies]" time="0.099" /><testcase classname="backend.tests.test_phase18_roles.TestReadAccess" name="test_ops_can_read[/leads]" time="0.133" /><testcase classname="backend.tests.test_phase18_roles.TestReadAccess" name="test_ops_can_read[/users]" time="0.113" /><testcase classname="backend.tests.test_phase18_roles.TestReadAccess" name="test_finance_can_read[/companies]" time="0.107" /><testcase classname="backend.tests.test_phase18_roles.TestReadAccess" name="test_finance_can_read[/leads]" time="0.125" /><testcase classname="backend.tests.test_phase18_roles.TestReadAccess" name="test_finance_can_read[/users]" time="0.122" /><testcase classname="backend.tests.test_phase18_roles.TestFinanceWriteBlock" name="test_finance_cannot_create_lead" time="0.330" /><testcase classname="backend.tests.test_phase18_roles.TestFinanceWriteBlock" name="test_finance_cannot_create_company" time="0.105" /><testcase classname="backend.tests.test_phase18_roles.TestFinanceWriteBlock" name="test_finance_cannot_write_master_category" time="0.110" /><testcase classname="backend.tests.test_phase18_roles.TestFinanceWriteBlock" name="test_finance_cannot_delete_user" time="0.268" /><testcase classname="backend.tests.test_phase18_roles.TestOpsWriteAccess" name="test_ops_can_create_and_delete_lead" time="0.343" /><testcase classname="backend.tests.test_phase18_roles.TestFinanceCommercialsWrite" name="test_finance_can_list_commercials" time="0.115" /><testcase classname="backend.tests.test_phase18_roles.TestFinanceCommercialsWrite" name="test_finance_can_access_dashboard" time="0.112" /><testcase classname="backend.tests.test_phase18_roles.TestFinanceCommercialsWrite" name="test_finance_can_post_invoice" time="0.218" /><testcase classname="backend.tests.test_phase18_roles.TestCommercialsRegression" name="test_admin_commercials_endpoints[/commercials]" time="0.125" /><testcase classname="backend.tests.test_phase18_roles.TestCommercialsRegression" name="test_admin_commercials_endpoints[/commercials/dashboard]" time="0.281" /><testcase classname="backend.tests.test_phase18_roles.TestCommercialsRegression" name="test_admin_commercials_endpoints[/commercials/analytics]" time="0.112" /><testcase classname="backend.tests.test_phase18_roles.TestCommercialsRegression" name="test_admin_commercials_endpoints[/commercials/kanban]" time="0.117" /><testcase classname="backend.tests.test_phase18_roles.TestLeadsRegression" name="test_admin_lead_crud_flow" time="0.455"><failure message="assert 422 in (200, 201)&#10; +  where 422 = &lt;Response [422]&gt;.status_code">backend/tests/test_phase18_roles.py:355: in test_admin_lead_crud_flow
    assert cm.status_code in (200, 201)
E   assert 422 in (200, 201)
E    +  where 422 = &lt;Response [422]&gt;.status_code</failure></testcase></testsuite></testsuites>