<?xml version="1.0" encoding="utf-8"?><testsuites name="pytest tests"><testsuite name="pytest" errors="0" failures="0" skipped="1" tests="25" time="14.182" timestamp="2026-05-25T13:58:07.047707+00:00" hostname="agent-env-6b804836-3ad5-4db6-9049-1bd04de0bb98"><testcase classname="backend.tests.test_phase27_deal_room" name="test_toggle_customer_forbidden" time="0.909" /><testcase classname="backend.tests.test_phase27_deal_room" name="test_toggle_admin_enables" time="0.053" /><testcase classname="backend.tests.test_phase27_deal_room" name="test_get_deal_room_admin_internal_view" time="0.070" /><testcase classname="backend.tests.test_phase27_deal_room" name="test_get_deal_room_customer_hides_internal" time="0.051" /><testcase classname="backend.tests.test_phase27_deal_room" name="test_get_deal_room_disabled_returns_403" time="0.093" /><testcase classname="backend.tests.test_phase27_deal_room" name="test_get_deal_room_unrelated_customer_forbidden" time="0.646" /><testcase classname="backend.tests.test_phase27_deal_room" name="test_admin_posts_public_message" time="0.095" /><testcase classname="backend.tests.test_phase27_deal_room" name="test_customer_can_post_message" time="0.048" /><testcase classname="backend.tests.test_phase27_deal_room" name="test_messages_appear_in_get" time="0.049" /><testcase classname="backend.tests.test_phase27_deal_room" name="test_create_approval_customer_forbidden" time="0.048" /><testcase classname="backend.tests.test_phase27_deal_room" name="test_list_approvals_admin_sees_all" time="0.096" /><testcase classname="backend.tests.test_phase27_deal_room" name="test_list_approvals_customer_sees_only_their_own" time="0.099" /><testcase classname="backend.tests.test_phase27_deal_room" name="test_respond_wrong_role_forbidden" time="0.482" /><testcase classname="backend.tests.test_phase27_deal_room" name="test_customer_responds_to_own_approval" time="0.058" /><testcase classname="backend.tests.test_phase27_deal_room" name="test_respond_twice_rejected" time="0.046" /><testcase classname="backend.tests.test_phase27_deal_room" name="test_admin_override_response" time="0.100" /><testcase classname="backend.tests.test_phase27_deal_room" name="test_comments_is_public_flag_persists" time="0.144" /><testcase classname="backend.tests.test_phase27_deal_room" name="test_auth_login_sets_cookie" time="0.356" /><testcase classname="backend.tests.test_phase27_deal_room" name="test_predictive_forecast" time="9.351" /><testcase classname="backend.tests.test_phase27_deal_room" name="test_partner_intelligence" time="0.053" /><testcase classname="backend.tests.test_phase27_deal_room" name="test_partner_commission_analytics" time="0.051" /><testcase classname="backend.tests.test_phase27_deal_room" name="test_customer_can_get_lead_via_email_match" time="0.049" /><testcase classname="backend.tests.test_phase27_deal_room" name="test_customer_cannot_get_unrelated_lead" time="0.491" /><testcase classname="backend.tests.test_phase27_deal_room" name="test_existing_seed_lead_accessible_by_customer" time="0.433" /><testcase classname="backend.tests.test_phase27_deal_room" name="test_selling_partner_assigned_partners_access" time="0.252"><skipped type="pytest.skip" message="assigned_partners not persisted via available endpoints; manual DB seed required">/app/backend/tests/test_phase27_deal_room.py:458: assigned_partners not persisted via available endpoints; manual DB seed required</skipped></testcase></testsuite></testsuites>