<?xml version="1.0" encoding="utf-8"?><testsuites name="pytest tests"><testsuite name="pytest" errors="0" failures="1" skipped="0" tests="19" time="9.668" timestamp="2026-05-25T16:01:58.417959+00:00" hostname="agent-env-6b804836-3ad5-4db6-9049-1bd04de0bb98"><testcase classname="backend.tests.test_phase29_war_room.TestWarRoomBoard" name="test_board_shape" time="0.531" /><testcase classname="backend.tests.test_phase29_war_room.TestWarRoomBoard" name="test_board_card_fields" time="0.136" /><testcase classname="backend.tests.test_phase29_war_room.TestWarRoomBoard" name="test_board_customer_403" time="0.457" /><testcase classname="backend.tests.test_phase29_war_room.TestBucketClassification" name="test_classification_rules" time="0.139"><failure message="AssertionError: Hard misclassifications: [('TEST_WR_fp_8e332db2-8023-446f-8231-e6d56276e2b6', 'followup_pending', 'NOT_ON_BOARD')]; full: [('TEST_WR_hp_1c7b8a79-48ac-493b-8e21-683640404470', 'high_priority', 'NOT_ON_BOARD'), ('TEST_WR_fp_8e332db2-8023-446f-8231-e6d56276e2b6', 'followup_pending', 'NOT_ON_BOARD')]&#10;assert not [('TEST_WR_fp_8e332db2-8023-446f-8231-e6d56276e2b6', 'followup_pending', 'NOT_ON_BOARD')]">E   AssertionError: Hard misclassifications: [('TEST_WR_fp_8e332db2-8023-446f-8231-e6d56276e2b6', 'followup_pending', 'NOT_ON_BOARD')]; full: [('TEST_WR_hp_1c7b8a79-48ac-493b-8e21-683640404470', 'high_priority', 'NOT_ON_BOARD'), ('TEST_WR_fp_8e332db2-8023-446f-8231-e6d56276e2b6', 'followup_pending', 'NOT_ON_BOARD')]
    assert not [('TEST_WR_fp_8e332db2-8023-446f-8231-e6d56276e2b6', 'followup_pending', 'NOT_ON_BOARD')]</failure></testcase><testcase classname="backend.tests.test_phase29_war_room.TestWarRoomSessions" name="test_session_start_auto_closes_prior" time="0.471" /><testcase classname="backend.tests.test_phase29_war_room.TestWarRoomSessions" name="test_session_active_endpoint" time="0.110" /><testcase classname="backend.tests.test_phase29_war_room.TestWarRoomSessions" name="test_session_notes_patch" time="0.145" /><testcase classname="backend.tests.test_phase29_war_room.TestWarRoomSessions" name="test_session_discuss_lead" time="0.116" /><testcase classname="backend.tests.test_phase29_war_room.TestWarRoomSessions" name="test_session_end_and_idempotent" time="6.209" /><testcase classname="backend.tests.test_phase29_war_room.TestWarRoomSessions" name="test_notes_patch_after_end_rejected" time="0.124" /><testcase classname="backend.tests.test_phase29_war_room.TestWarRoomSessions" name="test_discuss_after_end_rejected" time="0.111" /><testcase classname="backend.tests.test_phase29_war_room.TestWarRoomSessions" name="test_list_sessions" time="0.114" /><testcase classname="backend.tests.test_phase29_war_room.TestWarRoomSessions" name="test_get_session_detail" time="0.143" /><testcase classname="backend.tests.test_phase29_war_room.TestWarRoomSessions" name="test_customer_403_on_sessions" time="0.251" /><testcase classname="backend.tests.test_phase29_war_room.TestWarRoomSessions" name="test_materialized_tasks_marker" time="0.002" /><testcase classname="backend.tests.test_phase29_war_room.TestRegressionSmoke" name="test_auth_me" time="0.110" /><testcase classname="backend.tests.test_phase29_war_room.TestRegressionSmoke" name="test_leads_list" time="0.118" /><testcase classname="backend.tests.test_phase29_war_room.TestRegressionSmoke" name="test_partner_intelligence" time="0.124" /><testcase classname="backend.tests.test_phase29_war_room.TestRegressionSmoke" name="test_predictive_forecast" time="0.120" /></testsuite></testsuites>