<?xml version="1.0" encoding="utf-8"?><testsuites name="pytest tests"><testsuite name="pytest" errors="0" failures="0" skipped="0" tests="21" time="92.388" timestamp="2026-05-25T13:10:11.051954+00:00" hostname="agent-env-6b804836-3ad5-4db6-9049-1bd04de0bb98"><testcase classname="backend.tests.test_phase24_25_26.TestAuthCookies" name="test_login_sets_httponly_cookie" time="0.435" /><testcase classname="backend.tests.test_phase24_25_26.TestAuthCookies" name="test_me_works_with_cookie_only" time="0.128" /><testcase classname="backend.tests.test_phase24_25_26.TestAuthCookies" name="test_me_works_with_bearer_only" time="0.123" /><testcase classname="backend.tests.test_phase24_25_26.TestAuthCookies" name="test_me_unauthorized_without_creds" time="0.114" /><testcase classname="backend.tests.test_phase24_25_26.TestAuthCookies" name="test_logout_clears_cookie_and_blocks_me" time="0.581" /><testcase classname="backend.tests.test_phase24_25_26.TestPredictiveForecast" name="test_horizon_returns_correct_length[3]" time="14.950" /><testcase classname="backend.tests.test_phase24_25_26.TestPredictiveForecast" name="test_horizon_returns_correct_length[6]" time="8.653" /><testcase classname="backend.tests.test_phase24_25_26.TestPredictiveForecast" name="test_horizon_returns_correct_length[9]" time="8.587" /><testcase classname="backend.tests.test_phase24_25_26.TestPredictiveForecast" name="test_horizon_returns_correct_length[12]" time="7.339" /><testcase classname="backend.tests.test_phase24_25_26.TestPredictiveForecast" name="test_forecast_record_structure" time="7.086" /><testcase classname="backend.tests.test_phase24_25_26.TestPartnerIntelligence" name="test_admin_gets_data" time="0.136" /><testcase classname="backend.tests.test_phase24_25_26.TestPartnerIntelligence" name="test_ops_can_access" time="0.437" /><testcase classname="backend.tests.test_phase24_25_26.TestPartnerIntelligence" name="test_customer_forbidden" time="0.456" /><testcase classname="backend.tests.test_phase24_25_26.TestPartnerCommissionAnalytics" name="test_admin_ok" time="0.112" /><testcase classname="backend.tests.test_phase24_25_26.TestPartnerCommissionAnalytics" name="test_ops_ok" time="0.128" /><testcase classname="backend.tests.test_phase24_25_26.TestPartnerCommissionAnalytics" name="test_finance_ok" time="0.467" /><testcase classname="backend.tests.test_phase24_25_26.TestPartnerCommissionAnalytics" name="test_customer_forbidden" time="0.106" /><testcase classname="backend.tests.test_phase24_25_26.TestPartnerCoaching" name="test_admin_coaching_for_real_partner" time="14.334" /><testcase classname="backend.tests.test_phase24_25_26.TestPartnerCoaching" name="test_customer_coaching_forbidden" time="0.308" /><testcase classname="backend.tests.test_phase24_25_26.TestAIRegression" name="test_ai_command_at_risk" time="5.626" /><testcase classname="backend.tests.test_phase24_25_26.TestAIRegression" name="test_ai_risk_and_followup_on_real_lead" time="22.210" /></testsuite></testsuites>