<?xml version="1.0" encoding="utf-8"?><testsuites name="pytest tests"><testsuite name="pytest" errors="0" failures="0" skipped="0" tests="21" time="9.918" timestamp="2026-06-30T07:48:19.650143+00:00" hostname="agent-env-6b804836-3ad5-4db6-9049-1bd04de0bb98"><testcase classname="backend.tests.test_phase37_finance.TestOneTimeFlow" name="test_approve_generates_events_per_milestone" time="1.266" /><testcase classname="backend.tests.test_phase37_finance.TestOneTimeFlow" name="test_approve_idempotent" time="0.099" /><testcase classname="backend.tests.test_phase37_finance.TestOneTimeFlow" name="test_list_events_by_commercial" time="0.097" /><testcase classname="backend.tests.test_phase37_finance.TestOneTimeFlow" name="test_lifecycle_state_machine" time="0.921" /><testcase classname="backend.tests.test_phase37_finance.TestOneTimeFlow" name="test_invalid_transition_rejected" time="0.244" /><testcase classname="backend.tests.test_phase37_finance.TestOneTimeFlow" name="test_event_update_recomputes_amounts" time="0.212" /><testcase classname="backend.tests.test_phase37_finance.TestOneTimeFlow" name="test_event_timeline" time="0.208" /><testcase classname="backend.tests.test_phase37_finance.TestRecurringFlow" name="test_recurring_approve_generates_3_monthly_events" time="0.754" /><testcase classname="backend.tests.test_phase37_finance.TestRecurringFlow" name="test_recurring_deal_type_recorded_on_commercial" time="0.119" /><testcase classname="backend.tests.test_phase37_finance.TestHybridFlow" name="test_hybrid_generates_setup_plus_recurring" time="0.854" /><testcase classname="backend.tests.test_phase37_finance.TestDashboardAndFilters" name="test_finance_dashboard_returns_kpi_shape" time="0.097" /><testcase classname="backend.tests.test_phase37_finance.TestDashboardAndFilters" name="test_list_events_filter_by_lifecycle" time="0.105" /><testcase classname="backend.tests.test_phase37_finance.TestDashboardAndFilters" name="test_list_events_filter_by_revenue_type" time="0.096" /><testcase classname="backend.tests.test_phase37_finance.TestAutoFireOnWon" name="test_status_flip_to_won_auto_generates_revenue_schedule" time="1.266" /><testcase classname="backend.tests.test_phase37_finance.TestQuickSetup" name="test_quick_setup_creates_and_approves_one_time" time="0.643" /><testcase classname="backend.tests.test_phase37_finance.TestQuickSetup" name="test_quick_setup_idempotent" time="0.840" /><testcase classname="backend.tests.test_phase37_finance.TestQuickSetup" name="test_quick_setup_recurring" time="0.657" /><testcase classname="backend.tests.test_phase37_finance.TestQuickSetup" name="test_quick_setup_blocked_for_customer" time="0.960" /><testcase classname="backend.tests.test_phase37_finance.TestRBAC" name="test_customer_blocked_from_finance_dashboard" time="0.098" /><testcase classname="backend.tests.test_phase37_finance.TestRBAC" name="test_customer_blocked_from_listing_events" time="0.107" /><testcase classname="backend.tests.test_phase37_finance.TestRBAC" name="test_customer_blocked_from_approving" time="0.208" /></testsuite></testsuites>