<?xml version="1.0" encoding="utf-8"?><testsuites name="pytest tests"><testsuite name="pytest" errors="0" failures="0" skipped="0" tests="44" time="26.696" timestamp="2026-06-30T08:40:54.412223+00:00" hostname="agent-env-6b804836-3ad5-4db6-9049-1bd04de0bb98"><testcase classname="backend.tests.test_phase37_finance.TestOneTimeFlow" name="test_approve_generates_events_per_milestone" time="1.247" /><testcase classname="backend.tests.test_phase37_finance.TestOneTimeFlow" name="test_approve_idempotent" time="0.106" /><testcase classname="backend.tests.test_phase37_finance.TestOneTimeFlow" name="test_list_events_by_commercial" time="0.102" /><testcase classname="backend.tests.test_phase37_finance.TestOneTimeFlow" name="test_lifecycle_state_machine" time="0.953" /><testcase classname="backend.tests.test_phase37_finance.TestOneTimeFlow" name="test_invalid_transition_rejected" time="0.229" /><testcase classname="backend.tests.test_phase37_finance.TestOneTimeFlow" name="test_event_update_recomputes_amounts" time="0.202" /><testcase classname="backend.tests.test_phase37_finance.TestOneTimeFlow" name="test_event_timeline" time="0.199" /><testcase classname="backend.tests.test_phase37_finance.TestRecurringFlow" name="test_recurring_approve_generates_3_monthly_events" time="0.741" /><testcase classname="backend.tests.test_phase37_finance.TestRecurringFlow" name="test_recurring_deal_type_recorded_on_commercial" time="0.112" /><testcase classname="backend.tests.test_phase37_finance.TestHybridFlow" name="test_hybrid_generates_setup_plus_recurring" time="0.912" /><testcase classname="backend.tests.test_phase37_finance.TestDashboardAndFilters" name="test_finance_dashboard_returns_kpi_shape" time="0.099" /><testcase classname="backend.tests.test_phase37_finance.TestDashboardAndFilters" name="test_list_events_filter_by_lifecycle" time="0.162" /><testcase classname="backend.tests.test_phase37_finance.TestDashboardAndFilters" name="test_list_events_filter_by_revenue_type" time="0.146" /><testcase classname="backend.tests.test_phase37_finance.TestFinanceAuditLog" name="test_audit_log_returns_entries" time="0.101" /><testcase classname="backend.tests.test_phase37_finance.TestFinanceAuditLog" name="test_audit_log_filter_by_action" time="0.101" /><testcase classname="backend.tests.test_phase37_finance.TestFinanceAuditLog" name="test_audit_log_distinct_actions" time="0.106" /><testcase classname="backend.tests.test_phase37_finance.TestFinanceAuditLog" name="test_audit_log_blocked_for_customer" time="0.531" /><testcase classname="backend.tests.test_phase37_finance.TestFinanceDigest" name="test_force_dispatch_returns_counts" time="1.930" /><testcase classname="backend.tests.test_phase37_finance.TestFinanceDigest" name="test_customer_blocked_from_dispatch" time="0.107" /><testcase classname="backend.tests.test_phase37_finance.TestAutoFireOnWon" name="test_status_flip_to_won_auto_generates_revenue_schedule" time="1.290" /><testcase classname="backend.tests.test_phase37_finance.TestQuickSetup" name="test_quick_setup_creates_and_approves_one_time" time="0.653" /><testcase classname="backend.tests.test_phase37_finance.TestQuickSetup" name="test_quick_setup_idempotent" time="0.918" /><testcase classname="backend.tests.test_phase37_finance.TestQuickSetup" name="test_quick_setup_recurring" time="0.678" /><testcase classname="backend.tests.test_phase37_finance.TestQuickSetup" name="test_quick_setup_blocked_for_customer" time="0.673" /><testcase classname="backend.tests.test_phase37_finance.TestRBAC" name="test_customer_blocked_from_finance_dashboard" time="0.102" /><testcase classname="backend.tests.test_phase37_finance.TestRBAC" name="test_customer_blocked_from_listing_events" time="0.103" /><testcase classname="backend.tests.test_phase37_finance.TestRBAC" name="test_customer_blocked_from_approving" time="0.222" /><testcase classname="backend.tests.test_phase36_3.TestReferralCommissionMaster" name="test_seed_levels_present" time="0.441" /><testcase classname="backend.tests.test_phase36_3.TestReferralCommissionMaster" name="test_default_is_lead_scout" time="0.104" /><testcase classname="backend.tests.test_phase36_3.TestReferralCommissionMaster" name="test_customer_read_allowed" time="0.457" /><testcase classname="backend.tests.test_phase36_3.TestReferralCommissionMaster" name="test_customer_write_forbidden" time="0.098" /><testcase classname="backend.tests.test_phase36_3.TestReferralCommissionMaster" name="test_admin_crud_full_cycle" time="0.542" /><testcase classname="backend.tests.test_phase36_3.TestReferralCommissionMaster" name="test_duplicate_name_rejected" time="0.100" /><testcase classname="backend.tests.test_phase36_3.TestLeadCommissionFields" name="test_create_with_referral_commission_id" time="8.828" /><testcase classname="backend.tests.test_phase36_3.TestLeadCommissionFields" name="test_create_with_vyapaar_template_id" time="1.435" /><testcase classname="backend.tests.test_phase36_3.TestLeadCommissionFields" name="test_create_without_commission_defaults_to_lead_scout" time="0.327" /><testcase classname="backend.tests.test_phase36_3.TestLeadCommissionFields" name="test_update_changes_referral_level" time="0.438" /><testcase classname="backend.tests.test_phase36_3.TestLeadCommissionFields" name="test_update_vyapaar_template" time="0.428" /><testcase classname="backend.tests.test_phase36_3.TestRegressionEndpoints" name="test_endpoint_200[/leads]" time="0.127" /><testcase classname="backend.tests.test_phase36_3.TestRegressionEndpoints" name="test_endpoint_200[/master/lead-status]" time="0.102" /><testcase classname="backend.tests.test_phase36_3.TestRegressionEndpoints" name="test_endpoint_200[/war-room/board]" time="0.109" /><testcase classname="backend.tests.test_phase36_3.TestRegressionEndpoints" name="test_endpoint_200[/commercials]" time="0.119" /><testcase classname="backend.tests.test_phase36_3.TestRegressionEndpoints" name="test_endpoint_200[/internal-tasks]" time="0.100" /><testcase classname="backend.tests.test_phase36_3.TestRegressionEndpoints" name="test_endpoint_200[/tax-rates]" time="0.098" /></testsuite></testsuites>