<?xml version="1.0" encoding="utf-8"?><testsuites name="pytest tests"><testsuite name="pytest" errors="0" failures="0" skipped="0" tests="15" time="4.929" timestamp="2026-06-29T15:42:12.736185+00:00" hostname="agent-env-6b804836-3ad5-4db6-9049-1bd04de0bb98"><testcase classname="backend.tests.test_phase36.TestDocumentSignedURL" name="test_signed_url_endpoint_exists" time="0.899" /><testcase classname="backend.tests.test_phase36.TestInternalTasksCRUD" name="test_list_assignable_users" time="0.140" /><testcase classname="backend.tests.test_phase36.TestInternalTasksCRUD" name="test_create_internal_task" time="0.536" /><testcase classname="backend.tests.test_phase36.TestInternalTasksCRUD" name="test_list_with_status_filter" time="0.269" /><testcase classname="backend.tests.test_phase36.TestInternalTasksCRUD" name="test_update_status_and_priority" time="0.220" /><testcase classname="backend.tests.test_phase36.TestInternalTasksCRUD" name="test_get_single" time="0.118" /><testcase classname="backend.tests.test_phase36.TestInternalTasksCRUD" name="test_rbac_non_admin_blocked" time="0.507" /><testcase classname="backend.tests.test_phase36.TestInternalTasksCRUD" name="test_admin_dispatch_reminders" time="0.105" /><testcase classname="backend.tests.test_phase36.TestInternalTasksCRUD" name="test_admin_dispatch_weekly_digest" time="0.383" /><testcase classname="backend.tests.test_phase36.TestInternalTasksCRUD" name="test_delete_task" time="0.216" /><testcase classname="backend.tests.test_phase36.TestOneTimeSetupFee" name="test_find_or_create_recurring_commercial" time="0.110" /><testcase classname="backend.tests.test_phase36.TestOneTimeSetupFee" name="test_set_one_time_fee" time="0.239" /><testcase classname="backend.tests.test_phase36.TestOneTimeSetupFee" name="test_raise_one_time_fee_invoice" time="0.312" /><testcase classname="backend.tests.test_phase36.TestOneTimeSetupFee" name="test_record_full_payment_flips_to_paid" time="0.368" /><testcase classname="backend.tests.test_phase36.TestCommercialTypeChange" name="test_switch_one_time_to_recurring_and_back" time="0.425" /></testsuite></testsuites>