<?xml version="1.0" encoding="utf-8"?><testsuites name="pytest tests"><testsuite name="pytest" errors="0" failures="0" skipped="0" tests="21" time="14.527" timestamp="2026-05-25T13:45:04.121685+00:00" hostname="agent-env-6b804836-3ad5-4db6-9049-1bd04de0bb98"><testcase classname="backend.tests.test_phase27_deal_room" name="test_toggle_customer_forbidden" time="0.910" /><testcase classname="backend.tests.test_phase27_deal_room" name="test_toggle_admin_enables" time="0.072" /><testcase classname="backend.tests.test_phase27_deal_room" name="test_get_deal_room_admin_internal_view" time="0.068" /><testcase classname="backend.tests.test_phase27_deal_room" name="test_get_deal_room_customer_hides_internal" time="0.048" /><testcase classname="backend.tests.test_phase27_deal_room" name="test_get_deal_room_disabled_returns_403" time="0.145" /><testcase classname="backend.tests.test_phase27_deal_room" name="test_get_deal_room_unrelated_customer_forbidden" time="0.666" /><testcase classname="backend.tests.test_phase27_deal_room" name="test_admin_posts_public_message" time="0.131" /><testcase classname="backend.tests.test_phase27_deal_room" name="test_customer_can_post_message" time="0.049" /><testcase classname="backend.tests.test_phase27_deal_room" name="test_messages_appear_in_get" time="0.089" /><testcase classname="backend.tests.test_phase27_deal_room" name="test_create_approval_customer_forbidden" time="0.052" /><testcase classname="backend.tests.test_phase27_deal_room" name="test_list_approvals_admin_sees_all" time="0.134" /><testcase classname="backend.tests.test_phase27_deal_room" name="test_list_approvals_customer_sees_only_their_own" time="0.114" /><testcase classname="backend.tests.test_phase27_deal_room" name="test_respond_wrong_role_forbidden" time="0.484" /><testcase classname="backend.tests.test_phase27_deal_room" name="test_customer_responds_to_own_approval" time="0.051" /><testcase classname="backend.tests.test_phase27_deal_room" name="test_respond_twice_rejected" time="0.049" /><testcase classname="backend.tests.test_phase27_deal_room" name="test_admin_override_response" time="0.135" /><testcase classname="backend.tests.test_phase27_deal_room" name="test_comments_is_public_flag_persists" time="0.200" /><testcase classname="backend.tests.test_phase27_deal_room" name="test_auth_login_sets_cookie" time="0.327" /><testcase classname="backend.tests.test_phase27_deal_room" name="test_predictive_forecast" time="10.575" /><testcase classname="backend.tests.test_phase27_deal_room" name="test_partner_intelligence" time="0.070" /><testcase classname="backend.tests.test_phase27_deal_room" name="test_partner_commission_analytics" time="0.072" /></testsuite></testsuites>