<?xml version="1.0" encoding="utf-8"?><testsuites name="pytest tests"><testsuite name="pytest" errors="0" failures="0" skipped="0" tests="20" time="12.348" timestamp="2026-05-24T19:17:10.654749+00:00" hostname="agent-env-6b804836-3ad5-4db6-9049-1bd04de0bb98"><testcase classname="backend.tests.test_commercials_phase3.TestAiSuggestMilestones" name="test_customer_forbidden" time="0.485" /><testcase classname="backend.tests.test_commercials_phase3.TestAiSuggestMilestones" name="test_admin_success_percentages_sum_100" time="8.657" /><testcase classname="backend.tests.test_commercials_phase3.TestAiRenewalProbability" name="test_one_time_returns_400" time="0.940" /><testcase classname="backend.tests.test_commercials_phase3.TestAiRenewalProbability" name="test_recurring_returns_score" time="0.111" /><testcase classname="backend.tests.test_commercials_phase3.TestAiRenewalProbability" name="test_nonexistent_returns_404" time="0.107" /><testcase classname="backend.tests.test_commercials_phase3.TestAiPaymentDelayRisk" name="test_one_time_with_invoice" time="0.131" /><testcase classname="backend.tests.test_commercials_phase3.TestAiPaymentDelayRisk" name="test_recurring_works" time="0.146" /><testcase classname="backend.tests.test_commercials_phase3.TestCommercialsKanban" name="test_admin_gets_all_columns" time="0.120" /><testcase classname="backend.tests.test_commercials_phase3.TestCommercialsKanban" name="test_customer_forbidden" time="0.144" /><testcase classname="backend.tests.test_commercials_phase3.TestCommercialsKanban" name="test_kanban_does_not_collide_with_dynamic_id" time="0.125" /><testcase classname="backend.tests.test_commercials_phase3.TestInvoicePdf" name="test_admin_can_download" time="0.283" /><testcase classname="backend.tests.test_commercials_phase3.TestInvoicePdf" name="test_customer_forbidden" time="0.106" /><testcase classname="backend.tests.test_commercials_phase3.TestInvoicePdf" name="test_nonexistent_invoice_404" time="0.126" /><testcase classname="backend.tests.test_commercials_phase3.TestInvoicePdf" name="test_nonexistent_commercial_404" time="0.114" /><testcase classname="backend.tests.test_commercials_phase3.TestRegression" name="test_list_commercials" time="0.108" /><testcase classname="backend.tests.test_commercials_phase3.TestRegression" name="test_dashboard" time="0.107" /><testcase classname="backend.tests.test_commercials_phase3.TestRegression" name="test_analytics" time="0.103" /><testcase classname="backend.tests.test_commercials_phase3.TestRegression" name="test_get_commercial_by_id" time="0.104" /><testcase classname="backend.tests.test_commercials_phase3.TestRegression" name="test_list_invoices" time="0.118" /><testcase classname="backend.tests.test_commercials_phase3.TestRegression" name="test_run_renewal_scan" time="0.123" /></testsuite></testsuites>