<?xml version="1.0" encoding="utf-8"?><testsuites name="pytest tests"><testsuite name="pytest" errors="0" failures="0" skipped="0" tests="17" time="5.100" timestamp="2026-06-29T19:02:40.265885+00:00" hostname="agent-env-6b804836-3ad5-4db6-9049-1bd04de0bb98"><testcase classname="backend.tests.test_phase36_3.TestReferralCommissionMaster" name="test_seed_levels_present" time="0.563" /><testcase classname="backend.tests.test_phase36_3.TestReferralCommissionMaster" name="test_default_is_lead_scout" time="0.126" /><testcase classname="backend.tests.test_phase36_3.TestReferralCommissionMaster" name="test_customer_read_allowed" time="0.482" /><testcase classname="backend.tests.test_phase36_3.TestReferralCommissionMaster" name="test_customer_write_forbidden" time="0.097" /><testcase classname="backend.tests.test_phase36_3.TestReferralCommissionMaster" name="test_admin_crud_full_cycle" time="0.544" /><testcase classname="backend.tests.test_phase36_3.TestReferralCommissionMaster" name="test_duplicate_name_rejected" time="0.099" /><testcase classname="backend.tests.test_phase36_3.TestLeadCommissionFields" name="test_create_with_referral_commission_id" time="0.549" /><testcase classname="backend.tests.test_phase36_3.TestLeadCommissionFields" name="test_create_with_vyapaar_template_id" time="0.531" /><testcase classname="backend.tests.test_phase36_3.TestLeadCommissionFields" name="test_create_without_commission_defaults_to_lead_scout" time="0.343" /><testcase classname="backend.tests.test_phase36_3.TestLeadCommissionFields" name="test_update_changes_referral_level" time="0.466" /><testcase classname="backend.tests.test_phase36_3.TestLeadCommissionFields" name="test_update_vyapaar_template" time="0.489" /><testcase classname="backend.tests.test_phase36_3.TestRegressionEndpoints" name="test_endpoint_200[/leads]" time="0.141" /><testcase classname="backend.tests.test_phase36_3.TestRegressionEndpoints" name="test_endpoint_200[/master/lead-status]" time="0.115" /><testcase classname="backend.tests.test_phase36_3.TestRegressionEndpoints" name="test_endpoint_200[/war-room/board]" time="0.105" /><testcase classname="backend.tests.test_phase36_3.TestRegressionEndpoints" name="test_endpoint_200[/commercials]" time="0.121" /><testcase classname="backend.tests.test_phase36_3.TestRegressionEndpoints" name="test_endpoint_200[/internal-tasks]" time="0.110" /><testcase classname="backend.tests.test_phase36_3.TestRegressionEndpoints" name="test_endpoint_200[/tax-rates]" time="0.151" /></testsuite></testsuites>