<?xml version="1.0" encoding="utf-8"?><testsuites name="pytest tests"><testsuite name="pytest" errors="0" failures="0" skipped="0" tests="15" time="10.311" timestamp="2026-06-30T08:40:29.329974+00:00" hostname="agent-env-6b804836-3ad5-4db6-9049-1bd04de0bb98"><testcase classname="backend.tests.test_phase40_1_extracted_routers.TestLeadViewsCRUD" name="test_list_empty_or_existing" time="0.574" /><testcase classname="backend.tests.test_phase40_1_extracted_routers.TestLeadViewsCRUD" name="test_create_view_with_default" time="0.133" /><testcase classname="backend.tests.test_phase40_1_extracted_routers.TestLeadViewsCRUD" name="test_only_one_default" time="0.237" /><testcase classname="backend.tests.test_phase40_1_extracted_routers.TestLeadViewsCRUD" name="test_patch_rename" time="0.207" /><testcase classname="backend.tests.test_phase40_1_extracted_routers.TestLeadViewsCRUD" name="test_patch_empty_name_400" time="0.132" /><testcase classname="backend.tests.test_phase40_1_extracted_routers.TestLeadViewsCRUD" name="test_create_empty_name_400" time="0.128" /><testcase classname="backend.tests.test_phase40_1_extracted_routers.TestLeadViewsCRUD" name="test_delete_view" time="0.613" /><testcase classname="backend.tests.test_phase40_1_extracted_routers.TestLeadViewsCRUD" name="test_delete_nonexistent_404" time="0.135" /><testcase classname="backend.tests.test_phase40_1_extracted_routers.TestLeadAIExtracted" name="test_list_meeting_summaries_shape" time="0.273" /><testcase classname="backend.tests.test_phase40_1_extracted_routers.TestLeadAIExtracted" name="test_list_meeting_summaries_404" time="0.104" /><testcase classname="backend.tests.test_phase40_1_extracted_routers.TestLeadAIExtracted" name="test_suggest_actions_short_text_empty" time="0.097" /><testcase classname="backend.tests.test_phase40_1_extracted_routers.TestLeadAIExtracted" name="test_suggest_actions_real_call" time="7.241" /><testcase classname="backend.tests.test_phase40_1_extracted_routers.TestLeadAIExtracted" name="test_suggest_actions_404" time="0.141" /><testcase classname="backend.tests.test_phase40_1_extracted_routers.TestAuthGate" name="test_lead_views_unauth" time="0.105" /><testcase classname="backend.tests.test_phase40_1_extracted_routers.TestAuthGate" name="test_meeting_summaries_unauth" time="0.095" /></testsuite></testsuites>