<?xml version="1.0" encoding="utf-8"?><testsuites name="pytest tests"><testsuite name="pytest" errors="0" failures="1" skipped="0" tests="13" time="16.426" timestamp="2026-06-29T17:55:11.302798+00:00" hostname="agent-env-6b804836-3ad5-4db6-9049-1bd04de0bb98"><testcase classname="backend.tests.test_phase36_2.TestInternalTaskCategories" name="test_seed_returns_6" time="0.576" /><testcase classname="backend.tests.test_phase36_2.TestInternalTaskCategories" name="test_rbac_customer_forbidden" time="0.431" /><testcase classname="backend.tests.test_phase36_2.TestInternalTaskCategories" name="test_create_update_delete_and_default_flip" time="0.830" /><testcase classname="backend.tests.test_phase36_2.TestInternalTasksCategoryFlow" name="test_create_internal_task_with_category" time="0.563" /><testcase classname="backend.tests.test_phase36_2.TestTaxRates" name="test_seed_returns_5" time="0.101" /><testcase classname="backend.tests.test_phase36_2.TestTaxRates" name="test_customer_can_read" time="0.124" /><testcase classname="backend.tests.test_phase36_2.TestTaxRates" name="test_customer_cannot_write" time="0.114" /><testcase classname="backend.tests.test_phase36_2.TestTaxRates" name="test_create_patch_delete_and_default_flip" time="0.659" /><testcase classname="backend.tests.test_phase36_2.TestLeadPartnerCommission" name="test_existing_leads_have_commission_fields" time="0.127" /><testcase classname="backend.tests.test_phase36_2.TestLeadPartnerCommission" name="test_update_lead_commission_recalcs" time="0.457" /><testcase classname="backend.tests.test_phase36_2.TestBrandedNewLeadEmail" name="test_create_lead_generates_branded_email" time="2.846" /><testcase classname="backend.tests.test_phase36_2.TestFollowUpMention" name="test_followup_mention_creates_notification" time="2.385" /><testcase classname="backend.tests.test_phase36_2.TestCommercialMentionDelta" name="test_commercial_mention_delta" time="7.098"><failure message="AssertionError: finance got an unexpected duplicate ping (5 -&gt; 6)&#10;assert 6 == 5">backend/tests/test_phase36_2.py:447: in test_commercial_mention_delta
    assert fin_after3 == fin_after2, f"finance got an unexpected duplicate ping ({fin_after2} -&gt; {fin_after3})"
E   AssertionError: finance got an unexpected duplicate ping (5 -&gt; 6)
E   assert 6 == 5</failure></testcase></testsuite></testsuites>