<?xml version="1.0" encoding="utf-8"?><testsuites name="pytest tests"><testsuite name="pytest" errors="0" failures="0" skipped="2" tests="18" time="4.365" timestamp="2026-06-04T07:20:11.341352+00:00" hostname="agent-env-6b804836-3ad5-4db6-9049-1bd04de0bb98"><testcase classname="backend.tests.test_phase34_6_won_leads_digest.TestLeadDateFields" name="test_create_with_explicit_dates" time="0.601" /><testcase classname="backend.tests.test_phase34_6_won_leads_digest.TestLeadDateFields" name="test_create_without_dates_defaults_start_today" time="0.072" /><testcase classname="backend.tests.test_phase34_6_won_leads_digest.TestLeadDateFields" name="test_update_dates" time="0.172" /><testcase classname="backend.tests.test_phase34_6_won_leads_digest.TestAutoStampClosureDate" name="test_auto_stamp_on_terminal[won]" time="0.226" /><testcase classname="backend.tests.test_phase34_6_won_leads_digest.TestAutoStampClosureDate" name="test_auto_stamp_on_terminal[lost]" time="0.179" /><testcase classname="backend.tests.test_phase34_6_won_leads_digest.TestAutoStampClosureDate" name="test_auto_stamp_on_terminal[disqualified]" time="0.000"><skipped type="pytest.skip" message="Status 'disqualified' missing in lead_statuses">/app/backend/tests/test_phase34_6_won_leads_digest.py:154: Status 'disqualified' missing in lead_statuses</skipped></testcase><testcase classname="backend.tests.test_phase34_6_won_leads_digest.TestAutoStampClosureDate" name="test_auto_stamp_on_terminal[dead]" time="0.000"><skipped type="pytest.skip" message="Status 'dead' missing in lead_statuses">/app/backend/tests/test_phase34_6_won_leads_digest.py:154: Status 'dead' missing in lead_statuses</skipped></testcase><testcase classname="backend.tests.test_phase34_6_won_leads_digest.TestAutoStampClosureDate" name="test_explicit_closure_date_wins_over_autostamp" time="0.171" /><testcase classname="backend.tests.test_phase34_6_won_leads_digest.TestWonLeadsReport" name="test_period_month" time="0.051" /><testcase classname="backend.tests.test_phase34_6_won_leads_digest.TestWonLeadsReport" name="test_period_quarter_label_format" time="0.057" /><testcase classname="backend.tests.test_phase34_6_won_leads_digest.TestWonLeadsReport" name="test_period_annual_label_format" time="0.048" /><testcase classname="backend.tests.test_phase34_6_won_leads_digest.TestWonLeadsReport" name="test_date_filter_may_2026" time="0.169" /><testcase classname="backend.tests.test_phase34_6_won_leads_digest.TestWonLeadsReport" name="test_vyapaar_ops_can_access" time="0.390" /><testcase classname="backend.tests.test_phase34_6_won_leads_digest.TestWonLeadsReport" name="test_vyapaar_finance_can_access" time="0.379" /><testcase classname="backend.tests.test_phase34_6_won_leads_digest.TestWonLeadsReport" name="test_customer_forbidden" time="0.368" /><testcase classname="backend.tests.test_phase34_6_won_leads_digest.TestMonthlyDigest" name="test_dispatch_force_true" time="0.984" /><testcase classname="backend.tests.test_phase34_6_won_leads_digest.TestMonthlyDigest" name="test_dispatch_non_admin_forbidden" time="0.048" /><testcase classname="backend.tests.test_phase34_6_won_leads_digest.TestMonthlyDigest" name="test_dispatch_fin_forbidden" time="0.369" /></testsuite></testsuites>