<?xml version="1.0" encoding="utf-8"?><testsuites name="pytest tests"><testsuite name="pytest" errors="0" failures="0" skipped="0" tests="11" time="3.070" timestamp="2026-06-01T19:46:32.502499+00:00" hostname="agent-env-6b804836-3ad5-4db6-9049-1bd04de0bb98"><testcase classname="backend.tests.test_phase30_features.TestAuthMe" name="test_me_returns_phase30_fields" time="0.556" /><testcase classname="backend.tests.test_phase30_features.TestNotificationsCatalog" name="test_catalog_returns_entries" time="0.118" /><testcase classname="backend.tests.test_phase30_features.TestUsersAssignable" name="test_assignable_returns_list" time="0.127" /><testcase classname="backend.tests.test_phase30_features.TestWarRoomOpenLeads" name="test_board_has_open_leads_bucket" time="0.134" /><testcase classname="backend.tests.test_phase30_features.TestWarRoomOpenLeads" name="test_open_leads_bucket_has_count_field" time="0.145" /><testcase classname="backend.tests.test_phase30_features.TestAdminUserCreateUpdate" name="test_create_persists_company_role" time="0.490" /><testcase classname="backend.tests.test_phase30_features.TestAdminUserCreateUpdate" name="test_create_persists_notification_preferences" time="0.159" /><testcase classname="backend.tests.test_phase30_features.TestAdminUserCreateUpdate" name="test_update_company_role" time="0.246" /><testcase classname="backend.tests.test_phase30_features.TestAdminUserCreateUpdate" name="test_update_notification_preferences" time="0.370" /><testcase classname="backend.tests.test_phase30_features.TestProfileNotificationPrefs" name="test_profile_put_notification_preferences" time="0.234" /><testcase classname="backend.tests.test_phase30_features.TestFollowUpAssigneeReminder" name="test_create_followup_with_assignee_and_reminder" time="0.422" /></testsuite></testsuites>