<?xml version="1.0" encoding="utf-8"?><testsuites name="pytest tests"><testsuite name="pytest" errors="0" failures="0" skipped="0" tests="10" time="12.738" timestamp="2026-06-11T18:31:38.109997+00:00" hostname="agent-env-6b804836-3ad5-4db6-9049-1bd04de0bb98"><testcase classname="backend.tests.test_phase35.TestWarRoomTerminalExclusion" name="test_war_room_board_excludes_terminal" time="0.739" /><testcase classname="backend.tests.test_phase35.TestAISuggestActions" name="test_suggest_actions_returns_structure" time="8.322" /><testcase classname="backend.tests.test_phase35.TestAISuggestActions" name="test_suggest_actions_empty_text" time="0.292" /><testcase classname="backend.tests.test_phase35.TestEmailScheduler" name="test_scheduler_status" time="0.124" /><testcase classname="backend.tests.test_phase35.TestEmailScheduler" name="test_scheduler_toggle_setting" time="0.552" /><testcase classname="backend.tests.test_phase35.TestEmailScheduler" name="test_manual_dispatch_followups" time="0.124" /><testcase classname="backend.tests.test_phase35.TestEmailScheduler" name="test_manual_dispatch_tasks" time="0.118" /><testcase classname="backend.tests.test_phase35.TestEmailScheduler" name="test_manual_dispatch_weekly" time="0.972" /><testcase classname="backend.tests.test_phase35.TestEmailScheduler" name="test_manual_dispatch_monthly" time="1.071" /><testcase classname="backend.tests.test_phase35.TestCommercialTypeChange" name="test_change_commercial_type" time="0.362" /></testsuite></testsuites>