<?xml version="1.0" encoding="utf-8"?><testsuites name="pytest tests"><testsuite name="pytest" errors="0" failures="0" skipped="0" tests="20" time="7.273" timestamp="2026-06-05T08:18:11.757389+00:00" hostname="agent-env-6b804836-3ad5-4db6-9049-1bd04de0bb98"><testcase classname="backend.tests.test_phase34_7_split_assignment.TestLookups" name="test_vyapaar_team" time="0.571" /><testcase classname="backend.tests.test_phase34_7_split_assignment.TestLookups" name="test_selling_partner_companies" time="0.128" /><testcase classname="backend.tests.test_phase34_7_split_assignment.TestLookups" name="test_users_by_company" time="0.225" /><testcase classname="backend.tests.test_phase34_7_split_assignment.TestLookups" name="test_users_by_company_404" time="0.115" /><testcase classname="backend.tests.test_phase34_7_split_assignment.TestLeadCreate" name="test_create_lead_with_all_fields" time="0.770" /><testcase classname="backend.tests.test_phase34_7_split_assignment.TestLeadCreate" name="test_create_lead_company_derivation" time="0.235" /><testcase classname="backend.tests.test_phase34_7_split_assignment.TestLeadUpdate" name="test_update_vyapaar_owner_independent" time="0.865" /><testcase classname="backend.tests.test_phase34_7_split_assignment.TestAssignedToMe" name="test_assigned_to_me_filter" time="0.103" /><testcase classname="backend.tests.test_phase34_7_split_assignment.TestCompanyRBAC" name="test_sp_user_sees_company_leads" time="0.986" /><testcase classname="backend.tests.test_phase34_7_split_assignment.TestReports" name="test_pipeline_report" time="0.102" /><testcase classname="backend.tests.test_phase34_7_split_assignment.TestReports" name="test_conversion_report" time="0.109" /><testcase classname="backend.tests.test_phase34_7_split_assignment.TestReports" name="test_partner_performance_admin" time="0.107" /><testcase classname="backend.tests.test_phase34_7_split_assignment.TestReports" name="test_partner_performance_customer_403" time="0.435" /><testcase classname="backend.tests.test_phase34_7_split_assignment.TestReports" name="test_lead_activity_feed_admin" time="0.110" /><testcase classname="backend.tests.test_phase34_7_split_assignment.TestReports" name="test_lead_activity_customer_403" time="0.107" /><testcase classname="backend.tests.test_phase34_7_split_assignment.TestSavedScheduled" name="test_saved_crud" time="0.330" /><testcase classname="backend.tests.test_phase34_7_split_assignment.TestSavedScheduled" name="test_scheduled_requires_vyapaar" time="0.634" /><testcase classname="backend.tests.test_phase34_7_split_assignment.TestSavedScheduled" name="test_saved_delete_cascades_scheduled" time="0.415" /><testcase classname="backend.tests.test_phase34_7_split_assignment.TestWeeklyDigest" name="test_dispatch_admin" time="0.744" /><testcase classname="backend.tests.test_phase34_7_split_assignment.TestWeeklyDigest" name="test_dispatch_customer_403" time="0.097" /></testsuite></testsuites>