<?xml version="1.0" encoding="utf-8"?><testsuites name="pytest tests"><testsuite name="pytest" errors="0" failures="0" skipped="0" tests="17" time="2.776" timestamp="2026-05-25T14:13:09.982876+00:00" hostname="agent-env-6b804836-3ad5-4db6-9049-1bd04de0bb98"><testcase classname="backend.tests.test_phase27_5_invites" name="test_lead_response_includes_deal_room_enabled" time="0.528" /><testcase classname="backend.tests.test_phase27_5_invites" name="test_create_invite_admin_ok" time="0.092" /><testcase classname="backend.tests.test_phase27_5_invites" name="test_create_invite_customer_403" time="0.418" /><testcase classname="backend.tests.test_phase27_5_invites" name="test_create_invite_requires_deal_room_enabled" time="0.211" /><testcase classname="backend.tests.test_phase27_5_invites" name="test_list_invites_admin_excludes_token" time="0.068" /><testcase classname="backend.tests.test_phase27_5_invites" name="test_list_invites_customer_403" time="0.071" /><testcase classname="backend.tests.test_phase27_5_invites" name="test_public_get_access_anonymous" time="0.118" /><testcase classname="backend.tests.test_phase27_5_invites" name="test_public_get_access_invalid_token_403" time="0.055" /><testcase classname="backend.tests.test_phase27_5_invites" name="test_public_get_access_bumps_use_count" time="0.171" /><testcase classname="backend.tests.test_phase27_5_invites" name="test_public_post_message_with_comment_permission" time="0.123" /><testcase classname="backend.tests.test_phase27_5_invites" name="test_public_post_message_403_without_permission" time="0.127" /><testcase classname="backend.tests.test_phase27_5_invites" name="test_public_approval_respond_requires_approve_permission" time="0.135" /><testcase classname="backend.tests.test_phase27_5_invites" name="test_public_approval_respond_success" time="0.112" /><testcase classname="backend.tests.test_phase27_5_invites" name="test_revoke_invite_then_public_access_403" time="0.123" /><testcase classname="backend.tests.test_phase27_5_invites" name="test_revoke_invite_customer_403" time="0.066" /><testcase classname="backend.tests.test_phase27_5_invites" name="test_public_access_403_when_deal_room_disabled" time="0.198" /><testcase classname="backend.tests.test_phase27_5_invites" name="test_cleanup_revoke_created_invite" time="0.075" /></testsuite></testsuites>