<?xml version="1.0" encoding="utf-8"?><testsuites name="pytest tests"><testsuite name="pytest" errors="0" failures="0" skipped="0" tests="16" time="3.003" timestamp="2026-06-04T06:52:55.212171+00:00" hostname="agent-env-6b804836-3ad5-4db6-9049-1bd04de0bb98"><testcase classname="backend.tests.test_phase34_5_role_email_templates.TestNotificationTypesRoleFilter" name="test_admin_no_params_returns_full_catalog" time="0.538" /><testcase classname="backend.tests.test_phase34_5_role_email_templates.TestNotificationTypesRoleFilter" name="test_sales_associate_returns_exactly_10" time="0.109" /><testcase classname="backend.tests.test_phase34_5_role_email_templates.TestNotificationTypesRoleFilter" name="test_sp_finance_returns_exactly_5" time="0.103" /><testcase classname="backend.tests.test_phase34_5_role_email_templates.TestNotificationTypesRoleFilter" name="test_sp_sales_includes_required" time="0.108" /><testcase classname="backend.tests.test_phase34_5_role_email_templates.TestNotificationTypesRoleFilter" name="test_sp_operations_includes_and_excludes" time="0.109" /><testcase classname="backend.tests.test_phase34_5_role_email_templates.TestNotificationTypesRoleFilter" name="test_sp_founder_returns_all" time="0.211" /><testcase classname="backend.tests.test_phase34_5_role_email_templates.TestNotificationTypesRoleFilter" name="test_customer_returns_exactly_3" time="0.127" /><testcase classname="backend.tests.test_phase34_5_role_email_templates.TestNotificationTypesRoleFilter" name="test_vyapaar_ops_returns_all" time="0.213" /><testcase classname="backend.tests.test_phase34_5_role_email_templates.TestEmailTemplates" name="test_list_templates_contains_all_new_types" time="0.104" /><testcase classname="backend.tests.test_phase34_5_role_email_templates.TestEmailTemplates" name="test_put_get_preview_deal_room_invite" time="0.338" /><testcase classname="backend.tests.test_phase34_5_role_email_templates.TestAdminTestEmail" name="test_test_email_deal_room_invite_with_meshora_wrapper" time="0.449" /><testcase classname="backend.tests.test_phase34_5_role_email_templates.TestAdminTestEmail" name="test_meshora_wrapper_via_inprocess_render" time="0.051" /><testcase classname="backend.tests.test_phase34_5_role_email_templates.TestRoleGatedDispatch" name="test_matrix_blocks_milestone_due_for_sales_associate" time="0.444" /><testcase classname="backend.tests.test_phase34_5_role_email_templates.TestRoleGatedDispatch" name="test_matrix_allows_lead_assigned_for_sales_associate" time="0.000" /><testcase classname="backend.tests.test_phase34_5_role_email_templates.TestRoleGatedDispatch" name="test_matrix_customer_only_three" time="0.000" /><testcase classname="backend.tests.test_phase34_5_role_email_templates.TestRoleGatedDispatch" name="test_create_notification_call_site_consults_role_gate" time="0.002" /></testsuite></testsuites>