<?xml version="1.0" encoding="utf-8"?><testsuites name="pytest tests"><testsuite name="pytest" errors="0" failures="0" skipped="0" tests="10" time="5.006" timestamp="2026-05-24T16:22:03.399846+00:00" hostname="agent-env-6b804836-3ad5-4db6-9049-1bd04de0bb98"><testcase classname="backend.tests.test_commercials_phase25.TestReminderScanBasics" name="test_scan_returns_expected_shape_for_admin" time="0.524" /><testcase classname="backend.tests.test_commercials_phase25.TestReminderScanBasics" name="test_scan_blocks_customer" time="0.465" /><testcase classname="backend.tests.test_commercials_phase25.TestReminderScanBasics" name="test_route_ordering_not_eaten_by_dynamic" time="0.127" /><testcase classname="backend.tests.test_commercials_phase25.TestMilestoneDueScenario" name="test_milestone_due_emits_notification" time="1.082" /><testcase classname="backend.tests.test_commercials_phase25.TestMilestoneDueScenario" name="test_milestone_due_idempotent_second_scan" time="0.137" /><testcase classname="backend.tests.test_commercials_phase25.TestInvoiceOverdueScenario" name="test_invoice_overdue_emits_notification" time="0.562" /><testcase classname="backend.tests.test_commercials_phase25.TestRenewalWindowScenario" name="test_renewal_window_emits_notification" time="0.488" /><testcase classname="backend.tests.test_commercials_phase25.TestNotificationSchema" name="test_get_notifications_returns_commercial_id_field" time="0.111" /><testcase classname="backend.tests.test_commercials_phase25.TestNotificationSchema" name="test_all_four_new_notification_types_appear" time="0.109" /><testcase classname="backend.tests.test_commercials_phase25.TestRegressionExistingNotifications" name="test_creating_lead_still_fires_new_lead_notification" time="1.337" /></testsuite></testsuites>