<?xml version="1.0" encoding="utf-8"?><testsuites name="pytest tests"><testsuite name="pytest" errors="0" failures="0" skipped="0" tests="20" time="11.815" timestamp="2026-02-24T17:12:21.833035+00:00" hostname="agent-env-ef354704-b242-43ef-8f03-de1c1e1f128a"><testcase classname="backend.tests.test_new_features_iteration7.TestAuth" name="test_admin_login" time="0.474" /><testcase classname="backend.tests.test_new_features_iteration7.TestAuth" name="test_customer_login" time="0.348" /><testcase classname="backend.tests.test_new_features_iteration7.TestCustomerUserManagement" name="test_list_company_users_as_customer" time="0.704" /><testcase classname="backend.tests.test_new_features_iteration7.TestCustomerUserManagement" name="test_list_company_users_denied_for_admin" time="0.462" /><testcase classname="backend.tests.test_new_features_iteration7.TestCustomerUserManagement" name="test_create_company_user" time="0.498" /><testcase classname="backend.tests.test_new_features_iteration7.TestCustomerUserManagement" name="test_create_company_user_duplicate_email" time="0.152" /><testcase classname="backend.tests.test_new_features_iteration7.TestCustomerUserManagement" name="test_update_company_user" time="0.528" /><testcase classname="backend.tests.test_new_features_iteration7.TestCustomerUserManagement" name="test_delete_company_user" time="0.465" /><testcase classname="backend.tests.test_new_features_iteration7.TestCompanyCreationWithDefaultUser" name="test_create_customer_company_with_default_user" time="1.133" /><testcase classname="backend.tests.test_new_features_iteration7.TestCompanyCreationWithDefaultUser" name="test_create_customer_company_without_default_user" time="0.156" /><testcase classname="backend.tests.test_new_features_iteration7.TestCompanyCreationWithDefaultUser" name="test_create_selling_partner_company_ignores_default_user" time="0.411" /><testcase classname="backend.tests.test_new_features_iteration7.TestCompanyCreationWithDefaultUser" name="test_create_company_duplicate_default_user_email" time="0.180" /><testcase classname="backend.tests.test_new_features_iteration7.TestInternalRequests" name="test_internal_requests_denied_for_admin" time="0.675" /><testcase classname="backend.tests.test_new_features_iteration7.TestInternalRequests" name="test_internal_requests_empty_for_new_partner" time="0.824" /><testcase classname="backend.tests.test_new_features_iteration7.TestInternalRequests" name="test_create_internal_request" time="0.562" /><testcase classname="backend.tests.test_new_features_iteration7.TestPartnerAssignmentHistory" name="test_initial_lead_has_empty_partner_history" time="0.967" /><testcase classname="backend.tests.test_new_features_iteration7.TestPartnerAssignmentHistory" name="test_assign_partner_creates_history_entry" time="1.029" /><testcase classname="backend.tests.test_new_features_iteration7.TestPartnerAssignmentHistory" name="test_reassign_partner_updates_history" time="0.260" /><testcase classname="backend.tests.test_new_features_iteration7.TestPartnerAssignmentHistory" name="test_partner_history_structure" time="0.146" /><testcase classname="backend.tests.test_new_features_iteration7.TestCleanup" name="test_cleanup_test_users" time="1.752" /></testsuite></testsuites>