<?xml version="1.0" encoding="utf-8"?><testsuites name="pytest tests"><testsuite name="pytest" errors="0" failures="0" skipped="0" tests="19" time="2.964" timestamp="2026-02-10T06:47:15.831034+00:00" hostname="agent-env-1c6d1131-8fbc-40ec-afeb-1f5b62f681f1"><testcase classname="backend.tests.test_iteration4_features.TestAuth" name="test_admin_login" time="0.309" /><testcase classname="backend.tests.test_iteration4_features.TestAuth" name="test_partner_login" time="0.267" /><testcase classname="backend.tests.test_iteration4_features.TestLeadReferralSalesAssociate" name="test_sales_associate_can_create_referral" time="0.900" /><testcase classname="backend.tests.test_iteration4_features.TestLeadReferralSalesAssociate" name="test_sales_associate_can_view_referrals" time="0.046" /><testcase classname="backend.tests.test_iteration4_features.TestLeadReferralInternalRequest" name="test_partner_can_create_internal_request" time="0.301" /><testcase classname="backend.tests.test_iteration4_features.TestLeadReferralInternalRequest" name="test_partner_can_view_internal_requests" time="0.053" /><testcase classname="backend.tests.test_iteration4_features.TestNotifications" name="test_get_notifications" time="0.041" /><testcase classname="backend.tests.test_iteration4_features.TestNotifications" name="test_get_unread_count" time="0.042" /><testcase classname="backend.tests.test_iteration4_features.TestNotifications" name="test_mark_all_notifications_read" time="0.074" /><testcase classname="backend.tests.test_iteration4_features.TestNotifications" name="test_notification_created_on_referral" time="0.123" /><testcase classname="backend.tests.test_iteration4_features.TestNotifications" name="test_mark_single_notification_read" time="0.158" /><testcase classname="backend.tests.test_iteration4_features.TestGridReport" name="test_grid_report_access_admin_only" time="0.079" /><testcase classname="backend.tests.test_iteration4_features.TestGridReport" name="test_grid_report_summary_stats" time="0.041" /><testcase classname="backend.tests.test_iteration4_features.TestGridReport" name="test_grid_report_partner_summary" time="0.040" /><testcase classname="backend.tests.test_iteration4_features.TestGridReport" name="test_grid_report_detailed_grid" time="0.043" /><testcase classname="backend.tests.test_iteration4_features.TestGridReport" name="test_grid_report_filters" time="0.084" /><testcase classname="backend.tests.test_iteration4_features.TestGridReport" name="test_grid_report_sorting" time="0.085" /><testcase classname="backend.tests.test_iteration4_features.TestNotificationWithLeadId" name="test_notification_has_lead_id" time="0.110" /><testcase classname="backend.tests.test_iteration4_features.TestSMSNotification" name="test_lead_assignment_triggers_notification" time="0.082" /></testsuite></testsuites>