<?xml version="1.0" encoding="utf-8"?><testsuites name="pytest tests"><testsuite name="pytest" errors="0" failures="0" skipped="0" tests="15" time="12.586" timestamp="2026-02-24T17:37:34.653627+00:00" hostname="agent-env-ef354704-b242-43ef-8f03-de1c1e1f128a"><testcase classname="backend.tests.test_multi_partner_assignment.TestMultiPartnerAssignment" name="test_assign_first_partner_to_lead" time="0.833" /><testcase classname="backend.tests.test_multi_partner_assignment.TestMultiPartnerAssignment" name="test_assign_second_partner_concurrent" time="0.850" /><testcase classname="backend.tests.test_multi_partner_assignment.TestMultiPartnerAssignment" name="test_assign_duplicate_partner_fails" time="1.105" /><testcase classname="backend.tests.test_multi_partner_assignment.TestMultiPartnerAssignment" name="test_assign_invalid_partner_fails" time="0.833" /><testcase classname="backend.tests.test_multi_partner_assignment.TestMultiPartnerAssignment" name="test_mark_partner_won_single_partner" time="0.874" /><testcase classname="backend.tests.test_multi_partner_assignment.TestMultiPartnerAssignment" name="test_mark_partner_won_multiple_partners" time="0.944" /><testcase classname="backend.tests.test_multi_partner_assignment.TestMultiPartnerAssignment" name="test_mark_non_active_partner_won_fails" time="0.882" /><testcase classname="backend.tests.test_multi_partner_assignment.TestMultiPartnerAssignment" name="test_mark_unassigned_partner_won_fails" time="0.756" /><testcase classname="backend.tests.test_multi_partner_assignment.TestMultiPartnerAssignment" name="test_remove_partner_from_lead" time="0.846" /><testcase classname="backend.tests.test_multi_partner_assignment.TestMultiPartnerAssignment" name="test_remove_non_active_partner_fails" time="0.807" /><testcase classname="backend.tests.test_multi_partner_assignment.TestMultiPartnerAssignment" name="test_lead_response_has_assigned_partners_array" time="0.648" /><testcase classname="backend.tests.test_multi_partner_assignment.TestMultiPartnerAssignment" name="test_lead_response_has_active_partners_count" time="0.710" /><testcase classname="backend.tests.test_multi_partner_assignment.TestMultiPartnerAssignment" name="test_partner_assignment_structure" time="0.745" /><testcase classname="backend.tests.test_multi_partner_assignment.TestMultiPartnerAssignment" name="test_existing_lead_with_multi_partner" time="0.747" /><testcase classname="backend.tests.test_multi_partner_assignment.TestMultiPartnerPermissions" name="test_non_admin_cannot_assign_partner" time="0.928" /></testsuite></testsuites>