<?xml version="1.0" encoding="utf-8"?><testsuites name="pytest tests"><testsuite name="pytest" errors="0" failures="0" skipped="0" tests="15" time="4.493" timestamp="2026-02-10T05:32:52.649104+00:00" hostname="agent-env-1c6d1131-8fbc-40ec-afeb-1f5b62f681f1"><testcase classname="backend.tests.test_new_features.TestAuthAndRegistration" name="test_customer_self_registration_success" time="0.323" /><testcase classname="backend.tests.test_new_features.TestAuthAndRegistration" name="test_selling_partner_self_registration_rejected" time="0.037" /><testcase classname="backend.tests.test_new_features.TestAuthAndRegistration" name="test_sales_associate_self_registration_rejected" time="0.041" /><testcase classname="backend.tests.test_new_features.TestAuthAndRegistration" name="test_super_admin_self_registration_rejected" time="0.040" /><testcase classname="backend.tests.test_new_features.TestAuthAndRegistration" name="test_admin_login" time="0.263" /><testcase classname="backend.tests.test_new_features.TestAdminUserCreation" name="test_admin_create_selling_partner" time="0.505" /><testcase classname="backend.tests.test_new_features.TestAdminUserCreation" name="test_admin_create_sales_associate" time="0.495" /><testcase classname="backend.tests.test_new_features.TestAdminUserCreation" name="test_admin_create_customer" time="0.497" /><testcase classname="backend.tests.test_new_features.TestDraftLeadStatus" name="test_draft_status_exists" time="0.270" /><testcase classname="backend.tests.test_new_features.TestDraftLeadStatus" name="test_lead_without_partner_gets_draft_status" time="0.329" /><testcase classname="backend.tests.test_new_features.TestDraftLeadStatus" name="test_draft_to_new_when_partner_assigned" time="0.314" /><testcase classname="backend.tests.test_new_features.TestFollowUpPendingWith" name="test_followup_with_pending_with_customer" time="0.340" /><testcase classname="backend.tests.test_new_features.TestFollowUpPendingWith" name="test_followup_with_pending_with_selling_partner" time="0.292" /><testcase classname="backend.tests.test_new_features.TestCompanySubcategories" name="test_create_company_with_subcategories" time="0.286" /><testcase classname="backend.tests.test_new_features.TestCompanySubcategories" name="test_company_list_includes_subcategories" time="0.270" /></testsuite></testsuites>