<?xml version="1.0" encoding="utf-8"?><testsuites name="pytest tests"><testsuite name="pytest" errors="0" failures="1" skipped="0" tests="15" time="8.796" timestamp="2026-02-10T05:55:13.163720+00:00" hostname="agent-env-1c6d1131-8fbc-40ec-afeb-1f5b62f681f1"><testcase classname="backend.tests.test_user_edit_delete_referral.TestUserEditDelete" name="test_admin_can_edit_user_name" time="0.564" /><testcase classname="backend.tests.test_user_edit_delete_referral.TestUserEditDelete" name="test_admin_can_edit_user_email" time="0.557" /><testcase classname="backend.tests.test_user_edit_delete_referral.TestUserEditDelete" name="test_admin_can_edit_user_phone" time="0.507" /><testcase classname="backend.tests.test_user_edit_delete_referral.TestUserEditDelete" name="test_admin_can_edit_user_role" time="0.518" /><testcase classname="backend.tests.test_user_edit_delete_referral.TestUserEditDelete" name="test_admin_can_edit_user_company" time="0.562" /><testcase classname="backend.tests.test_user_edit_delete_referral.TestUserEditDelete" name="test_admin_can_delete_user_soft_delete" time="0.516" /><testcase classname="backend.tests.test_user_edit_delete_referral.TestUserEditDelete" name="test_admin_cannot_delete_own_account" time="0.272" /><testcase classname="backend.tests.test_user_edit_delete_referral.TestUserEditDelete" name="test_non_admin_cannot_edit_users" time="0.850" /><testcase classname="backend.tests.test_user_edit_delete_referral.TestSalesAssociateCompanyAssignment" name="test_create_sales_associate_with_company" time="0.506" /><testcase classname="backend.tests.test_user_edit_delete_referral.TestLeadReferral" name="test_partner_can_create_lead_referral" time="0.567" /><testcase classname="backend.tests.test_user_edit_delete_referral.TestLeadReferral" name="test_referral_saved_with_draft_status" time="0.542" /><testcase classname="backend.tests.test_user_edit_delete_referral.TestLeadReferral" name="test_referral_has_referred_by_partner_info" time="0.548" /><testcase classname="backend.tests.test_user_edit_delete_referral.TestLeadReferral" name="test_partner_can_view_their_referrals" time="0.560" /><testcase classname="backend.tests.test_user_edit_delete_referral.TestLeadReferral" name="test_non_partner_cannot_create_referral" time="1.030" /><testcase classname="backend.tests.test_user_edit_delete_referral.TestAdminReferralAssignment" name="test_admin_assigns_referral_changes_to_new_status" time="0.597"><failure message="KeyError: 0">backend/tests/test_user_edit_delete_referral.py:592: in test_admin_assigns_referral_changes_to_new_status
    assign_partner_id = partners[0]["id"]
                        ^^^^^^^^^^^
E   KeyError: 0</failure></testcase></testsuite></testsuites>