<?xml version="1.0" encoding="utf-8"?><testsuites name="pytest tests"><testsuite name="pytest" errors="0" failures="0" skipped="0" tests="22" time="1.834" timestamp="2026-02-11T06:19:34.397719+00:00" hostname="agent-env-ef354704-b242-43ef-8f03-de1c1e1f128a"><testcase classname="backend.tests.test_document_features.TestDocumentTagsMasterData" name="test_create_lead_document_tag" time="0.347" /><testcase classname="backend.tests.test_document_features.TestDocumentTagsMasterData" name="test_create_company_document_tag" time="0.037" /><testcase classname="backend.tests.test_document_features.TestDocumentTagsMasterData" name="test_list_all_document_tags" time="0.037" /><testcase classname="backend.tests.test_document_features.TestDocumentTagsMasterData" name="test_list_lead_document_tags" time="0.036" /><testcase classname="backend.tests.test_document_features.TestDocumentTagsMasterData" name="test_list_company_document_tags" time="0.041" /><testcase classname="backend.tests.test_document_features.TestDocumentTagsMasterData" name="test_update_document_tag" time="0.085" /><testcase classname="backend.tests.test_document_features.TestDocumentTagsMasterData" name="test_delete_document_tag" time="0.103" /><testcase classname="backend.tests.test_document_features.TestDocumentTagsMasterData" name="test_duplicate_tag_key_rejected" time="0.113" /><testcase classname="backend.tests.test_document_features.TestDocumentTagsMasterData" name="test_invalid_entity_type_rejected" time="0.033" /><testcase classname="backend.tests.test_document_features.TestDocumentUploadForLeads" name="test_upload_document_to_lead" time="0.151" /><testcase classname="backend.tests.test_document_features.TestDocumentUploadForLeads" name="test_get_lead_documents" time="0.035" /><testcase classname="backend.tests.test_document_features.TestDocumentUploadForLeads" name="test_download_document" time="0.119" /><testcase classname="backend.tests.test_document_features.TestDocumentUploadForLeads" name="test_delete_document" time="0.099" /><testcase classname="backend.tests.test_document_features.TestDocumentUploadForLeads" name="test_upload_with_different_tags" time="0.181" /><testcase classname="backend.tests.test_document_features.TestDocumentUploadForLeads" name="test_lead_detail_includes_documents" time="0.037" /><testcase classname="backend.tests.test_document_features.TestDocumentUploadForCompanies" name="test_upload_document_to_company" time="0.078" /><testcase classname="backend.tests.test_document_features.TestDocumentUploadForCompanies" name="test_get_company_documents" time="0.035" /><testcase classname="backend.tests.test_document_features.TestDocumentUploadForCompanies" name="test_upload_company_brochure" time="0.035" /><testcase classname="backend.tests.test_document_features.TestDocumentUploadForCompanies" name="test_upload_product_catalog" time="0.040" /><testcase classname="backend.tests.test_document_features.TestDocumentValidation" name="test_invalid_entity_type_rejected" time="0.034" /><testcase classname="backend.tests.test_document_features.TestDocumentValidation" name="test_nonexistent_lead_rejected" time="0.032" /><testcase classname="backend.tests.test_document_features.TestDocumentValidation" name="test_nonexistent_company_rejected" time="0.038" /></testsuite></testsuites>