<?xml version="1.0" encoding="utf-8"?><testsuites name="pytest tests"><testsuite name="pytest" errors="0" failures="0" skipped="0" tests="25" time="1.806" timestamp="2026-02-11T06:36:17.490592+00:00" hostname="agent-env-ef354704-b242-43ef-8f03-de1c1e1f128a"><testcase classname="backend.tests.test_email_templates.TestEmailTemplatesList" name="test_list_templates_returns_all_6_events" time="0.329" /><testcase classname="backend.tests.test_email_templates.TestEmailTemplatesList" name="test_templates_have_required_fields" time="0.036" /><testcase classname="backend.tests.test_email_templates.TestEmailTemplatesList" name="test_templates_have_correct_labels" time="0.037" /><testcase classname="backend.tests.test_email_templates.TestEmailTemplatesList" name="test_templates_have_variables" time="0.039" /><testcase classname="backend.tests.test_email_templates.TestEmailTemplatesList" name="test_templates_have_default_content" time="0.033" /><testcase classname="backend.tests.test_email_templates.TestEmailTemplatesList" name="test_unauthorized_access_denied" time="0.033" /><testcase classname="backend.tests.test_email_templates.TestEmailTemplateGet" name="test_get_new_lead_template" time="0.036" /><testcase classname="backend.tests.test_email_templates.TestEmailTemplateGet" name="test_get_lead_assigned_template" time="0.039" /><testcase classname="backend.tests.test_email_templates.TestEmailTemplateGet" name="test_get_invalid_event_type" time="0.035" /><testcase classname="backend.tests.test_email_templates.TestEmailTemplateUpdate" name="test_update_template_subject" time="0.037" /><testcase classname="backend.tests.test_email_templates.TestEmailTemplateUpdate" name="test_update_template_body" time="0.050" /><testcase classname="backend.tests.test_email_templates.TestEmailTemplateUpdate" name="test_update_template_enabled_status" time="0.078" /><testcase classname="backend.tests.test_email_templates.TestEmailTemplateUpdate" name="test_update_multiple_fields" time="0.034" /><testcase classname="backend.tests.test_email_templates.TestEmailTemplateUpdate" name="test_update_invalid_event_type" time="0.038" /><testcase classname="backend.tests.test_email_templates.TestEmailTemplatePreview" name="test_preview_replaces_variables" time="0.034" /><testcase classname="backend.tests.test_email_templates.TestEmailTemplatePreview" name="test_preview_lead_assigned_template" time="0.044" /><testcase classname="backend.tests.test_email_templates.TestEmailTemplatePreview" name="test_preview_follow_up_reminder" time="0.035" /><testcase classname="backend.tests.test_email_templates.TestEmailTemplateReset" name="test_reset_template_to_default" time="0.142" /><testcase classname="backend.tests.test_email_templates.TestEmailTemplateReset" name="test_reset_invalid_event_type" time="0.034" /><testcase classname="backend.tests.test_email_templates.TestEmailTemplateToggle" name="test_toggle_template_off_and_on" time="0.113" /><testcase classname="backend.tests.test_email_templates.TestEmailTemplateVariables" name="test_get_new_lead_variables" time="0.038" /><testcase classname="backend.tests.test_email_templates.TestEmailTemplateVariables" name="test_get_lead_assigned_variables" time="0.041" /><testcase classname="backend.tests.test_email_templates.TestEmailTemplateVariables" name="test_get_follow_up_reminder_variables" time="0.032" /><testcase classname="backend.tests.test_email_templates.TestEmailTemplateVariables" name="test_get_invalid_event_variables" time="0.038" /><testcase classname="backend.tests.test_email_templates.TestEmailTemplateDataPersistence" name="test_update_persists_after_list" time="0.314" /></testsuite></testsuites>